\BOOKMARK [1][-]{Doc-Start}{Declaration}{}% 1
\BOOKMARK [1][-]{Doc-Start}{Approval Sheet}{}% 2
\BOOKMARK [1][-]{Doc-Start}{Abstract}{}% 3
\BOOKMARK [0][-]{chapter*.1}{Nomenclature}{}% 4
\BOOKMARK [0][-]{chapter.1}{Model-independently calibrating the luminosity correlations of GRBs using deep learning}{}% 5
\BOOKMARK [1][-]{section.1.1}{Introduction}{chapter.1}% 6
\BOOKMARK [2][-]{subsection.1.1.1}{Title}{section.1.1}% 7
\BOOKMARK [2][-]{subsection.1.1.2}{Degree}{section.1.1}% 8
\BOOKMARK [2][-]{subsection.1.1.3}{Book}{section.1.1}% 9
\BOOKMARK [2][-]{subsection.1.1.4}{Department}{section.1.1}% 10
\BOOKMARK [2][-]{subsection.1.1.5}{Submission date}{section.1.1}% 11
\BOOKMARK [2][-]{subsection.1.1.6}{Author}{section.1.1}% 12
\BOOKMARK [2][-]{subsection.1.1.7}{Committee members}{section.1.1}% 13
\BOOKMARK [2][-]{subsection.1.1.8}{Acknowledgments}{section.1.1}% 14
\BOOKMARK [2][-]{subsection.1.1.9}{Dedication}{section.1.1}% 15
\BOOKMARK [1][-]{section.1.2}{Where to put the above environments}{chapter.1}% 16
\BOOKMARK [0][-]{chapter.2}{Citation}{}% 17
\BOOKMARK [1][-]{section.2.1}{Single citation}{chapter.2}% 18
\BOOKMARK [1][-]{section.2.2}{Multiple citation}{chapter.2}% 19
\BOOKMARK [0][-]{chapter.3}{Figures}{}% 20
\BOOKMARK [1][-]{section.3.1}{Referencing figures}{chapter.3}% 21
\BOOKMARK [1][-]{section.3.2}{File formats}{chapter.3}% 22
\BOOKMARK [0][-]{chapter.4}{Tables}{}% 23
\BOOKMARK [1][-]{section.4.1}{Referencing tables}{chapter.4}% 24
\BOOKMARK [0][-]{chapter.5}{Compiling the .tex file }{}% 25
\BOOKMARK [1][-]{section.5.1}{Options}{chapter.5}% 26
\BOOKMARK [1][-]{section.5.2}{Compilation sequence}{chapter.5}% 27
