\BOOKMARK [1][-]{Doc-Start}{Declaration}{}% 1
\BOOKMARK [1][-]{Doc-Start}{Approval Sheet}{}% 2
\BOOKMARK [1][-]{Doc-Start}{Abstract}{}% 3
\BOOKMARK [0][-]{chapter*.1}{Nomenclature}{}% 4
\BOOKMARK [0][-]{chapter.1}{Model-independently calibrating the luminosity correlations of GRBs using deep learning}{}% 5
\BOOKMARK [1][-]{section.1.1}{Introduction}{chapter.1}% 6
\BOOKMARK [1][-]{section.1.2}{Literature Survey}{chapter.1}% 7
\BOOKMARK [1][-]{section.1.3}{Observational Data}{chapter.1}% 8
\BOOKMARK [2][-]{subsection.1.3.1}{GRB}{section.1.3}% 9
\BOOKMARK [2][-]{subsection.1.3.2}{Pantheon}{section.1.3}% 10
\BOOKMARK [2][-]{subsection.1.3.3}{Union}{section.1.3}% 11
\BOOKMARK [1][-]{section.1.4}{Methodology}{chapter.1}% 12
\BOOKMARK [2][-]{subsection.1.4.1}{Gaussian Processes}{section.1.4}% 13
\BOOKMARK [2][-]{subsection.1.4.2}{Long Short Term Memory}{section.1.4}% 14
\BOOKMARK [1][-]{section.1.5}{Reconstruction and calibration of distance modulus using Gaussian Processes}{chapter.1}% 15
\BOOKMARK [2][-]{subsection.1.5.1}{Training}{section.1.5}% 16
\BOOKMARK [2][-]{subsection.1.5.2}{Testing redshift dependence of luminosity correlations}{section.1.5}% 17
\BOOKMARK [2][-]{subsection.1.5.3}{Calibrating distance modulus from Epeak-Egamma relation}{section.1.5}% 18
\BOOKMARK [2][-]{subsection.1.5.4}{Constraints on the dark energy}{section.1.5}% 19
\BOOKMARK [1][-]{section.1.6}{Reconstruction and calibration of distance modulus using Deep Learning}{chapter.1}% 20
\BOOKMARK [2][-]{subsection.1.6.1}{Training}{section.1.6}% 21
\BOOKMARK [2][-]{subsection.1.6.2}{Testing redshift dependence of luminosity correlations}{section.1.6}% 22
\BOOKMARK [2][-]{subsection.1.6.3}{Calibrating distance modulus from Epeak-Egamma relation}{section.1.6}% 23
\BOOKMARK [2][-]{subsection.1.6.4}{Constraints on dark energy}{section.1.6}% 24
\BOOKMARK [1][-]{section.1.7}{Redoing analysis with Union Data}{chapter.1}% 25
\BOOKMARK [2][-]{subsection.1.7.1}{using Gaussian Processes}{section.1.7}% 26
\BOOKMARK [2][-]{subsection.1.7.2}{using Deep Learning}{section.1.7}% 27
\BOOKMARK [1][-]{section.1.8}{Conclusion}{chapter.1}% 28
