This is pdfTeX, Version 3.14159265-2.6-1.40.20 (TeX Live 2019/Debian) (preloaded format=pdflatex 2022.1.18)  5 JUN 2022 17:33
entering extended mode
 restricted \write18 enabled.
 %&-line parsing enabled.
**thesis.tex
(./thesis.tex
LaTeX2e <2020-02-02> patch level 2
L3 programming layer <2020-02-14> (./iiththesis.cls
Document Class: iiththesis 2011/06/16 v1.2 IIT Hyderabad Thesis class
(/usr/share/texlive/texmf-dist/tex/latex/setspace/setspace.sty
Package: setspace 2011/12/19 v6.7a set line spacing
)
(/usr/share/texlive/texmf-dist/tex/latex/graphics/graphics.sty
Package: graphics 2019/11/30 v1.4a Standard LaTeX Graphics (DPC,SPQR)

(/usr/share/texlive/texmf-dist/tex/latex/graphics/trig.sty
Package: trig 2016/01/03 v1.10 sin cos tan (DPC)
)
(/usr/share/texlive/texmf-dist/tex/latex/graphics-cfg/graphics.cfg
File: graphics.cfg 2016/06/04 v1.11 sample graphics configuration
)
Package graphics Info: Driver file: dvips.def on input line 105.

(/usr/share/texlive/texmf-dist/tex/latex/graphics-def/dvips.def
File: dvips.def 2017/06/20 v3.1d Graphics/color driver for dvips
))
(/usr/share/texlive/texmf-dist/tex/latex/tools/array.sty
Package: array 2019/08/31 v2.4l Tabular extension package (FMi)
\col@sep=\dimen134
\ar@mcellbox=\box45
\extrarowheight=\dimen135
\NC@list=\toks14
\extratabsurround=\skip47
\backup@length=\skip48
\ar@cellbox=\box46
)
(/usr/share/texlive/texmf-dist/tex/latex/xcolor/xcolor.sty
Package: xcolor 2016/05/11 v2.12 LaTeX color extensions (UK)

(/usr/share/texlive/texmf-dist/tex/latex/graphics-cfg/color.cfg
File: color.cfg 2016/01/02 v1.6 sample color configuration
)
Package xcolor Info: Driver file: pdftex.def on input line 225.

(/usr/share/texlive/texmf-dist/tex/latex/graphics-def/pdftex.def
File: pdftex.def 2018/01/08 v1.0l Graphics/color driver for pdftex
)
Package xcolor Info: Model `cmy' substituted by `cmy0' on input line 1348.
Package xcolor Info: Model `RGB' extended on input line 1364.
Package xcolor Info: Model `HTML' substituted by `rgb' on input line 1366.
Package xcolor Info: Model `Hsb' substituted by `hsb' on input line 1367.
Package xcolor Info: Model `tHsb' substituted by `hsb' on input line 1368.
Package xcolor Info: Model `HSB' substituted by `hsb' on input line 1369.
Package xcolor Info: Model `Gray' substituted by `gray' on input line 1370.
Package xcolor Info: Model `wave' substituted by `hsb' on input line 1371.
)
\c@subyear=\count167

(/usr/share/texlive/texmf-dist/tex/latex/base/report.cls
Document Class: report 2019/12/20 v1.4l Standard LaTeX document class
(/usr/share/texlive/texmf-dist/tex/latex/base/size10.clo
File: size10.clo 2019/12/20 v1.4l Standard LaTeX file (size option)
)
\c@part=\count168
\c@chapter=\count169
\c@section=\count170
\c@subsection=\count171
\c@subsubsection=\count172
\c@paragraph=\count173
\c@subparagraph=\count174
\c@figure=\count175
\c@table=\count176
\abovecaptionskip=\skip49
\belowcaptionskip=\skip50
\bibindent=\dimen136
)
(/usr/share/texlive/texmf-dist/tex/latex/hyperref/hyperref.sty
Package: hyperref 2020/01/14 v7.00d Hypertext links for LaTeX

(/usr/share/texlive/texmf-dist/tex/generic/ltxcmds/ltxcmds.sty
Package: ltxcmds 2019/12/15 v1.24 LaTeX kernel commands for general use (HO)
)
(/usr/share/texlive/texmf-dist/tex/generic/iftex/iftex.sty
Package: iftex 2019/11/07 v1.0c TeX engine tests
)
(/usr/share/texlive/texmf-dist/tex/latex/pdftexcmds/pdftexcmds.sty
Package: pdftexcmds 2019/11/24 v0.31 Utility functions of pdfTeX for LuaTeX (HO
)

(/usr/share/texlive/texmf-dist/tex/generic/infwarerr/infwarerr.sty
Package: infwarerr 2019/12/03 v1.5 Providing info/warning/error messages (HO)
)
Package pdftexcmds Info: \pdf@primitive is available.
Package pdftexcmds Info: \pdf@ifprimitive is available.
Package pdftexcmds Info: \pdfdraftmode found.
)
(/usr/share/texlive/texmf-dist/tex/latex/graphics/keyval.sty
Package: keyval 2014/10/28 v1.15 key=value parser (DPC)
\KV@toks@=\toks15
)
(/usr/share/texlive/texmf-dist/tex/generic/kvsetkeys/kvsetkeys.sty
Package: kvsetkeys 2019/12/15 v1.18 Key value parser (HO)
)
(/usr/share/texlive/texmf-dist/tex/generic/kvdefinekeys/kvdefinekeys.sty
Package: kvdefinekeys 2019-12-19 v1.6 Define keys (HO)
)
(/usr/share/texlive/texmf-dist/tex/generic/pdfescape/pdfescape.sty
Package: pdfescape 2019/12/09 v1.15 Implements pdfTeX's escape features (HO)
)
(/usr/share/texlive/texmf-dist/tex/latex/hycolor/hycolor.sty
Package: hycolor 2020-01-27 v1.10 Color options for hyperref/bookmark (HO)
)
(/usr/share/texlive/texmf-dist/tex/latex/letltxmacro/letltxmacro.sty
Package: letltxmacro 2019/12/03 v1.6 Let assignment for LaTeX macros (HO)
)
(/usr/share/texlive/texmf-dist/tex/latex/auxhook/auxhook.sty
Package: auxhook 2019-12-17 v1.6 Hooks for auxiliary files (HO)
)
(/usr/share/texlive/texmf-dist/tex/latex/kvoptions/kvoptions.sty
Package: kvoptions 2019/11/29 v3.13 Key value format for package options (HO)
)
\@linkdim=\dimen137
\Hy@linkcounter=\count177
\Hy@pagecounter=\count178

(/usr/share/texlive/texmf-dist/tex/latex/hyperref/pd1enc.def
File: pd1enc.def 2020/01/14 v7.00d Hyperref: PDFDocEncoding definition (HO)
Now handling font encoding PD1 ...
... no UTF-8 mapping file for font encoding PD1
)
(/usr/share/texlive/texmf-dist/tex/generic/intcalc/intcalc.sty
Package: intcalc 2019/12/15 v1.3 Expandable calculations with integers (HO)
)
(/usr/share/texlive/texmf-dist/tex/generic/etexcmds/etexcmds.sty
Package: etexcmds 2019/12/15 v1.7 Avoid name clashes with e-TeX commands (HO)
)
\Hy@SavedSpaceFactor=\count179
\pdfmajorversion=\count180
Package hyperref Info: Hyper figures OFF on input line 4547.
Package hyperref Info: Link nesting OFF on input line 4552.
Package hyperref Info: Hyper index ON on input line 4555.
Package hyperref Info: Plain pages OFF on input line 4562.
Package hyperref Info: Backreferencing OFF on input line 4567.
Package hyperref Info: Implicit mode ON; LaTeX internals redefined.
Package hyperref Info: Bookmarks ON on input line 4800.
\c@Hy@tempcnt=\count181

(/usr/share/texlive/texmf-dist/tex/latex/url/url.sty
\Urlmuskip=\muskip16
Package: url 2013/09/16  ver 3.4  Verb mode for urls, etc.
)
LaTeX Info: Redefining \url on input line 5159.
\XeTeXLinkMargin=\dimen138

(/usr/share/texlive/texmf-dist/tex/generic/bitset/bitset.sty
Package: bitset 2019/12/09 v1.3 Handle bit-vector datatype (HO)

(/usr/share/texlive/texmf-dist/tex/generic/bigintcalc/bigintcalc.sty
Package: bigintcalc 2019/12/15 v1.5 Expandable calculations on big integers (HO
)
))
\Fld@menulength=\count182
\Field@Width=\dimen139
\Fld@charsize=\dimen140
Package hyperref Info: Hyper figures OFF on input line 6430.
Package hyperref Info: Link nesting OFF on input line 6435.
Package hyperref Info: Hyper index ON on input line 6438.
Package hyperref Info: backreferencing OFF on input line 6445.
Package hyperref Info: Link coloring OFF on input line 6450.
Package hyperref Info: Link coloring with OCG OFF on input line 6455.
Package hyperref Info: PDF/A mode OFF on input line 6460.
LaTeX Info: Redefining \ref on input line 6500.
LaTeX Info: Redefining \pageref on input line 6504.

(/usr/share/texlive/texmf-dist/tex/generic/atbegshi/atbegshi.sty
Package: atbegshi 2019/12/05 v1.19 At begin shipout hook (HO)
)
\Hy@abspage=\count183
\c@Item=\count184
\c@Hfootnote=\count185
)
Package hyperref Info: Driver (autodetected): hpdftex.

(/usr/share/texlive/texmf-dist/tex/latex/hyperref/hpdftex.def
File: hpdftex.def 2020/01/14 v7.00d Hyperref driver for pdfTeX

(/usr/share/texlive/texmf-dist/tex/latex/atveryend/atveryend.sty
Package: atveryend 2019-12-11 v1.11 Hooks at the very end of document (HO)
Package atveryend Info: \enddocument detected (standard20110627).
)
\Fld@listcount=\count186
\c@bookmark@seq@number=\count187

(/usr/share/texlive/texmf-dist/tex/latex/rerunfilecheck/rerunfilecheck.sty
Package: rerunfilecheck 2019/12/05 v1.9 Rerun checks for auxiliary files (HO)

(/usr/share/texlive/texmf-dist/tex/generic/uniquecounter/uniquecounter.sty
Package: uniquecounter 2019/12/15 v1.4 Provide unlimited unique counter (HO)
)
Package uniquecounter Info: New unique counter `rerunfilecheck' on input line 2
86.
)
\Hy@SectionHShift=\skip51
)
Package hyperref Info: Option `colorlinks' set `true' on input line 297.
)
\@input{common/preamble.aux}
\openout2 = `common/preamble.aux'.

(./common/preamble.tex
(/usr/share/texlive/texmf-dist/tex/latex/xifthen/xifthen.sty
Package: xifthen 2015/11/05 v1.4.0 Extended ifthen features

(/usr/share/texlive/texmf-dist/tex/latex/tools/calc.sty
Package: calc 2017/05/25 v4.3 Infix arithmetic (KKT,FJ)
\calc@Acount=\count188
\calc@Bcount=\count189
\calc@Adimen=\dimen141
\calc@Bdimen=\dimen142
\calc@Askip=\skip52
\calc@Bskip=\skip53
LaTeX Info: Redefining \setlength on input line 80.
LaTeX Info: Redefining \addtolength on input line 81.
\calc@Ccount=\count190
\calc@Cskip=\skip54
)
(/usr/share/texlive/texmf-dist/tex/latex/base/ifthen.sty
Package: ifthen 2014/09/29 v1.1c Standard LaTeX ifthen package (DPC)
)
(/usr/share/texlive/texmf-dist/tex/latex/ifmtarg/ifmtarg.sty
Package: ifmtarg 2018/04/16 v1.2b check for an empty argument
))
(/usr/share/texlive/texmf-dist/tex/latex/tools/xspace.sty
Package: xspace 2014/10/28 v1.13 Space after command names (DPC,MH)
)
(/usr/share/texlive/texmf-dist/tex/latex/import/import.sty
Package: import 2009/03/23  v 5.1
)
(/usr/share/texlive/texmf-dist/tex/latex/csvsimple/csvsimple.sty
Package: csvsimple 2019/04/09 version 1.21 LaTeX CSV file processing

(/usr/share/texlive/texmf-dist/tex/latex/pgf/utilities/pgfrcs.sty
(/usr/share/texlive/texmf-dist/tex/generic/pgf/utilities/pgfutil-common.tex
\pgfutil@everybye=\toks16
\pgfutil@tempdima=\dimen143
\pgfutil@tempdimb=\dimen144

(/usr/share/texlive/texmf-dist/tex/generic/pgf/utilities/pgfutil-common-lists.t
ex)) (/usr/share/texlive/texmf-dist/tex/generic/pgf/utilities/pgfutil-latex.def
\pgfutil@abb=\box47
(/usr/share/texlive/texmf-dist/tex/latex/ms/everyshi.sty
Package: everyshi 2001/05/15 v3.00 EveryShipout Package (MS)
))
(/usr/share/texlive/texmf-dist/tex/generic/pgf/utilities/pgfrcs.code.tex
(/usr/share/texlive/texmf-dist/tex/generic/pgf/pgf.revision.tex)
Package: pgfrcs 2020/01/08 v3.1.5b (3.1.5b)
))
(/usr/share/texlive/texmf-dist/tex/latex/pgf/utilities/pgfkeys.sty
(/usr/share/texlive/texmf-dist/tex/generic/pgf/utilities/pgfkeys.code.tex
\pgfkeys@pathtoks=\toks17
\pgfkeys@temptoks=\toks18

(/usr/share/texlive/texmf-dist/tex/generic/pgf/utilities/pgfkeysfiltered.code.t
ex
\pgfkeys@tmptoks=\toks19
))) (/usr/share/texlive/texmf-dist/tex/latex/etoolbox/etoolbox.sty
Package: etoolbox 2019/09/21 v2.5h e-TeX tools for LaTeX (JAW)
\etb@tempcnta=\count191
)
(/usr/share/texlive/texmf-dist/tex/latex/tools/shellesc.sty
Package: shellesc 2019/11/08 v1.0c unified shell escape interface for LaTeX
Package shellesc Info: Restricted shell escape enabled on input line 77.
)
\csv@file=\read2
\c@csvinputline=\count192
\c@csvrow=\count193
\c@csvcol=\count194
\csv@out=\write3
)
(/usr/share/texlive/texmf-dist/tex/latex/amsfonts/amssymb.sty
Package: amssymb 2013/01/14 v3.01 AMS font symbols

(/usr/share/texlive/texmf-dist/tex/latex/amsfonts/amsfonts.sty
Package: amsfonts 2013/01/14 v3.01 Basic AMSFonts support
\@emptytoks=\toks20
\symAMSa=\mathgroup4
\symAMSb=\mathgroup5
LaTeX Font Info:    Redeclaring math symbol \hbar on input line 98.
LaTeX Font Info:    Overwriting math alphabet `\mathfrak' in version `bold'
(Font)                  U/euf/m/n --> U/euf/b/n on input line 106.
))
(/usr/share/texlive/texmf-dist/tex/latex/amsmath/amsmath.sty
Package: amsmath 2020/01/20 v2.17e AMS math features
\@mathmargin=\skip55

For additional information on amsmath, use the `?' option.
(/usr/share/texlive/texmf-dist/tex/latex/amsmath/amstext.sty
Package: amstext 2000/06/29 v2.01 AMS text

(/usr/share/texlive/texmf-dist/tex/latex/amsmath/amsgen.sty
File: amsgen.sty 1999/11/30 v2.0 generic functions
\@emptytoks=\toks21
\ex@=\dimen145
))
(/usr/share/texlive/texmf-dist/tex/latex/amsmath/amsbsy.sty
Package: amsbsy 1999/11/29 v1.2d Bold Symbols
\pmbraise@=\dimen146
)
(/usr/share/texlive/texmf-dist/tex/latex/amsmath/amsopn.sty
Package: amsopn 2016/03/08 v2.02 operator names
)
\inf@bad=\count195
LaTeX Info: Redefining \frac on input line 227.
\uproot@=\count196
\leftroot@=\count197
LaTeX Info: Redefining \overline on input line 389.
\classnum@=\count198
\DOTSCASE@=\count199
LaTeX Info: Redefining \ldots on input line 486.
LaTeX Info: Redefining \dots on input line 489.
LaTeX Info: Redefining \cdots on input line 610.
\Mathstrutbox@=\box48
\strutbox@=\box49
\big@size=\dimen147
LaTeX Font Info:    Redeclaring font encoding OML on input line 733.
LaTeX Font Info:    Redeclaring font encoding OMS on input line 734.
\macc@depth=\count266
\c@MaxMatrixCols=\count267
\dotsspace@=\muskip17
\c@parentequation=\count268
\dspbrk@lvl=\count269
\tag@help=\toks22
\row@=\count270
\column@=\count271
\maxfields@=\count272
\andhelp@=\toks23
\eqnshift@=\dimen148
\alignsep@=\dimen149
\tagshift@=\dimen150
\tagwidth@=\dimen151
\totwidth@=\dimen152
\lineht@=\dimen153
\@envbody=\toks24
\multlinegap=\skip56
\multlinetaggap=\skip57
\mathdisplay@stack=\toks25
LaTeX Info: Redefining \[ on input line 2859.
LaTeX Info: Redefining \] on input line 2860.
)
(/usr/share/texlive/texmf-dist/tex/latex/booktabs/booktabs.sty
Package: booktabs 2020/01/12 v1.61803398 Publication quality tables
\heavyrulewidth=\dimen154
\lightrulewidth=\dimen155
\cmidrulewidth=\dimen156
\belowrulesep=\dimen157
\belowbottomsep=\dimen158
\aboverulesep=\dimen159
\abovetopsep=\dimen160
\cmidrulesep=\dimen161
\cmidrulekern=\dimen162
\defaultaddspace=\dimen163
\@cmidla=\count273
\@cmidlb=\count274
\@aboverulesep=\dimen164
\@belowrulesep=\dimen165
\@thisruleclass=\count275
\@lastruleclass=\count276
\@thisrulewidth=\dimen166
)
(/usr/share/texlive/texmf-dist/tex/latex/caption/caption.sty
Package: caption 2020/01/03 v3.4h Customizing captions (AR)

(/usr/share/texlive/texmf-dist/tex/latex/caption/caption3.sty
Package: caption3 2020/01/03 v1.8h caption3 kernel (AR)
Package caption3 Info: TeX engine: e-TeX on input line 61.
\captionmargin=\dimen167
\captionmargin@=\dimen168
\captionwidth=\dimen169
\caption@tempdima=\dimen170
\caption@indent=\dimen171
\caption@parindent=\dimen172
\caption@hangindent=\dimen173
Package caption Info: Standard document class detected.
)
\c@caption@flags=\count277
\c@continuedfloat=\count278
Package caption Info: hyperref package is loaded.
)
(/usr/share/texlive/texmf-dist/tex/latex/fancyvrb/fancyvrb.sty
Package: fancyvrb 2020/01/13 v3.5 verbatim text (tvz,hv)
\FV@CodeLineNo=\count279
\FV@InFile=\read3
\FV@TabBox=\box50
\c@FancyVerbLine=\count280
\FV@StepNumber=\count281
\FV@OutFile=\write4
)
(/usr/share/texlive/texmf-dist/tex/latex/graphics/graphicx.sty
Package: graphicx 2019/11/30 v1.2a Enhanced LaTeX Graphics (DPC,SPQR)
\Gin@req@height=\dimen174
\Gin@req@width=\dimen175
)
(/usr/share/texlive/texmf-dist/tex/latex/tools/tabularx.sty
Package: tabularx 2020/01/15 v2.11c `tabularx' package (DPC)
\TX@col@width=\dimen176
\TX@old@table=\dimen177
\TX@old@col=\dimen178
\TX@target=\dimen179
\TX@delta=\dimen180
\TX@cols=\count282
\TX@ftn=\toks26
)
(/usr/share/texlive/texmf-dist/tex/latex/mathtools/mathtools.sty
Package: mathtools 2020/01/17 v1.23 mathematical typesetting tools

(/usr/share/texlive/texmf-dist/tex/latex/mathtools/mhsetup.sty
Package: mhsetup 2017/03/31 v1.3 programming setup (MH)
)
LaTeX Info: Thecontrolsequence`\('isalreadyrobust on input line 129.
LaTeX Info: Thecontrolsequence`\)'isalreadyrobust on input line 129.
LaTeX Info: Thecontrolsequence`\['isalreadyrobust on input line 129.
LaTeX Info: Thecontrolsequence`\]'isalreadyrobust on input line 129.
\g_MT_multlinerow_int=\count283
\l_MT_multwidth_dim=\dimen181
\origjot=\skip58
\l_MT_shortvdotswithinadjustabove_dim=\dimen182
\l_MT_shortvdotswithinadjustbelow_dim=\dimen183
\l_MT_above_intertext_sep=\dimen184
\l_MT_below_intertext_sep=\dimen185
\l_MT_above_shortintertext_sep=\dimen186
\l_MT_below_shortintertext_sep=\dimen187
)
(/usr/share/texlive/texmf-dist/tex/latex/multirow/multirow.sty
Package: multirow 2019/05/31 v2.5 Span multiple rows of a table
\multirow@colwidth=\skip59
\multirow@cntb=\count284
\multirow@dima=\skip60
\bigstrutjot=\dimen188
)
(/usr/share/texlive/texmf-dist/tex/latex/arydshln/arydshln.sty
Package: arydshln 2019/02/21 v1.76 
\dashlinedash=\dimen189
\dashlinegap=\dimen190
\adl@box=\box51
\adl@height=\dimen191
\adl@heightsave=\dimen192
\adl@depth=\dimen193
\adl@depthsave=\dimen194
\adl@finaldepth=\dimen195
\adl@columns=\count285
\adl@ncol=\count286
\adl@currentcolumn=\count287
\adl@currentcolumnsave=\count288
\adl@totalheight=\count289
\adl@totalheightsave=\count290
\adl@dash=\count291
\adl@gap=\count292
\adl@cla=\count293
\adl@clb=\count294
\adl@everyvbox=\toks27
\adl@LTpagetotal=\dimen196
)
(/usr/share/texlive/texmf-dist/tex/latex/listings/listings.sty
\lst@mode=\count295
\lst@gtempboxa=\box52
\lst@token=\toks28
\lst@length=\count296
\lst@currlwidth=\dimen197
\lst@column=\count297
\lst@pos=\count298
\lst@lostspace=\dimen198
\lst@width=\dimen199
\lst@newlines=\count299
\lst@lineno=\count300
\lst@maxwidth=\dimen256

(/usr/share/texlive/texmf-dist/tex/latex/listings/lstmisc.sty
File: lstmisc.sty 2019/09/10 1.8c (Carsten Heinz)
\c@lstnumber=\count301
\lst@skipnumbers=\count302
\lst@framebox=\box53
)
(/usr/share/texlive/texmf-dist/tex/latex/listings/listings.cfg
File: listings.cfg 2019/09/10 1.8c listings configuration
))
Package: listings 2019/09/10 1.8c (Carsten Heinz)

(/usr/share/texlive/texmf-dist/tex/latex/base/textcomp.sty
Package: textcomp 2020/02/02 v2.0n Standard LaTeX package
)
(/usr/share/texlive/texmf-dist/tex/latex/sourcecodepro/sourcecodepro.sty
Package: sourcecodepro 2018/01/13 v2.7 Adobe's Source Code Pro typeface

(/usr/share/texlive/texmf-dist/tex/generic/iftex/ifxetex.sty
Package: ifxetex 2019/10/25 v0.7 ifxetex legacy package. Use iftex instead.
)
(/usr/share/texlive/texmf-dist/tex/generic/iftex/ifluatex.sty
Package: ifluatex 2019/10/25 v1.5 ifluatex legacy package. Use iftex instead.
)
(/usr/share/texlive/texmf-dist/tex/latex/xkeyval/xkeyval.sty
Package: xkeyval 2014/12/03 v2.7a package option processing (HA)

(/usr/share/texlive/texmf-dist/tex/generic/xkeyval/xkeyval.tex
(/usr/share/texlive/texmf-dist/tex/generic/xkeyval/xkvutils.tex
\XKV@toks=\toks29
\XKV@tempa@toks=\toks30
)
\XKV@depth=\count303
File: xkeyval.tex 2014/12/03 v2.7a key=value parser (HA)
))
(/usr/share/texlive/texmf-dist/tex/latex/base/fontenc.sty
Package: fontenc 2020/02/11 v2.0o Standard LaTeX package

(/usr/share/texlive/texmf-dist/tex/latex/ly1/ly1enc.def
File: ly1enc.def 2009/07/22 v0.7 TeX 'n ANSI encoding (DPC/KB)
Now handling font encoding LY1 ...
... processing UTF-8 mapping file for font encoding LY1

(/usr/share/texlive/texmf-dist/tex/latex/base/ly1enc.dfu
File: ly1enc.dfu 2019/11/14 v1.2k UTF-8 support for inputenc
   defining Unicode char U+00A0 (decimal 160)
   defining Unicode char U+00A1 (decimal 161)
   defining Unicode char U+00A2 (decimal 162)
   defining Unicode char U+00A3 (decimal 163)
   defining Unicode char U+00A4 (decimal 164)
   defining Unicode char U+00A5 (decimal 165)
   defining Unicode char U+00A6 (decimal 166)
   defining Unicode char U+00A7 (decimal 167)
   defining Unicode char U+00AA (decimal 170)
   defining Unicode char U+00AB (decimal 171)
   defining Unicode char U+00AD (decimal 173)
   defining Unicode char U+00AE (decimal 174)
   defining Unicode char U+00B0 (decimal 176)
   defining Unicode char U+00B5 (decimal 181)
   defining Unicode char U+00B6 (decimal 182)
   defining Unicode char U+00B7 (decimal 183)
   defining Unicode char U+00BA (decimal 186)
   defining Unicode char U+00BB (decimal 187)
   defining Unicode char U+00BC (decimal 188)
   defining Unicode char U+00BD (decimal 189)
   defining Unicode char U+00BE (decimal 190)
   defining Unicode char U+00BF (decimal 191)
   defining Unicode char U+00C0 (decimal 192)
   defining Unicode char U+00C1 (decimal 193)
   defining Unicode char U+00C2 (decimal 194)
   defining Unicode char U+00C3 (decimal 195)
   defining Unicode char U+00C4 (decimal 196)
   defining Unicode char U+00C5 (decimal 197)
   defining Unicode char U+00C6 (decimal 198)
   defining Unicode char U+00C7 (decimal 199)
   defining Unicode char U+00C8 (decimal 200)
   defining Unicode char U+00C9 (decimal 201)
   defining Unicode char U+00CA (decimal 202)
   defining Unicode char U+00CB (decimal 203)
   defining Unicode char U+00CC (decimal 204)
   defining Unicode char U+00CD (decimal 205)
   defining Unicode char U+00CE (decimal 206)
   defining Unicode char U+00CF (decimal 207)
   defining Unicode char U+00D0 (decimal 208)
   defining Unicode char U+00D1 (decimal 209)
   defining Unicode char U+00D2 (decimal 210)
   defining Unicode char U+00D3 (decimal 211)
   defining Unicode char U+00D4 (decimal 212)
   defining Unicode char U+00D5 (decimal 213)
   defining Unicode char U+00D6 (decimal 214)
   defining Unicode char U+00D8 (decimal 216)
   defining Unicode char U+00D9 (decimal 217)
   defining Unicode char U+00DA (decimal 218)
   defining Unicode char U+00DB (decimal 219)
   defining Unicode char U+00DC (decimal 220)
   defining Unicode char U+00DD (decimal 221)
   defining Unicode char U+00DE (decimal 222)
   defining Unicode char U+00DF (decimal 223)
   defining Unicode char U+00E0 (decimal 224)
   defining Unicode char U+00E1 (decimal 225)
   defining Unicode char U+00E2 (decimal 226)
   defining Unicode char U+00E3 (decimal 227)
   defining Unicode char U+00E4 (decimal 228)
   defining Unicode char U+00E5 (decimal 229)
   defining Unicode char U+00E6 (decimal 230)
   defining Unicode char U+00E7 (decimal 231)
   defining Unicode char U+00E8 (decimal 232)
   defining Unicode char U+00E9 (decimal 233)
   defining Unicode char U+00EA (decimal 234)
   defining Unicode char U+00EB (decimal 235)
   defining Unicode char U+00EC (decimal 236)
   defining Unicode char U+00ED (decimal 237)
   defining Unicode char U+00EE (decimal 238)
   defining Unicode char U+00EF (decimal 239)
   defining Unicode char U+00F0 (decimal 240)
   defining Unicode char U+00F1 (decimal 241)
   defining Unicode char U+00F2 (decimal 242)
   defining Unicode char U+00F3 (decimal 243)
   defining Unicode char U+00F4 (decimal 244)
   defining Unicode char U+00F5 (decimal 245)
   defining Unicode char U+00F6 (decimal 246)
   defining Unicode char U+00F8 (decimal 248)
   defining Unicode char U+00F9 (decimal 249)
   defining Unicode char U+00FA (decimal 250)
   defining Unicode char U+00FB (decimal 251)
   defining Unicode char U+00FC (decimal 252)
   defining Unicode char U+00FD (decimal 253)
   defining Unicode char U+00FE (decimal 254)
   defining Unicode char U+00FF (decimal 255)
   defining Unicode char U+0131 (decimal 305)
   defining Unicode char U+0141 (decimal 321)
   defining Unicode char U+0142 (decimal 322)
   defining Unicode char U+0152 (decimal 338)
   defining Unicode char U+0153 (decimal 339)
   defining Unicode char U+0160 (decimal 352)
   defining Unicode char U+0161 (decimal 353)
   defining Unicode char U+0174 (decimal 372)
   defining Unicode char U+0175 (decimal 373)
   defining Unicode char U+0176 (decimal 374)
   defining Unicode char U+0177 (decimal 375)
   defining Unicode char U+0178 (decimal 376)
   defining Unicode char U+017D (decimal 381)
   defining Unicode char U+017E (decimal 382)
   defining Unicode char U+0192 (decimal 402)
   defining Unicode char U+0218 (decimal 536)
   defining Unicode char U+0219 (decimal 537)
   defining Unicode char U+021A (decimal 538)
   defining Unicode char U+021B (decimal 539)
   defining Unicode char U+0237 (decimal 567)
   defining Unicode char U+02C6 (decimal 710)
   defining Unicode char U+02DC (decimal 732)
   defining Unicode char U+2013 (decimal 8211)
   defining Unicode char U+2014 (decimal 8212)
   defining Unicode char U+201C (decimal 8220)
   defining Unicode char U+201D (decimal 8221)
   defining Unicode char U+2020 (decimal 8224)
   defining Unicode char U+2021 (decimal 8225)
   defining Unicode char U+2022 (decimal 8226)
   defining Unicode char U+2026 (decimal 8230)
   defining Unicode char U+2030 (decimal 8240)
   defining Unicode char U+2039 (decimal 8249)
   defining Unicode char U+203A (decimal 8250)
   defining Unicode char U+2122 (decimal 8482)
   defining Unicode char U+FB00 (decimal 64256)
   defining Unicode char U+FB01 (decimal 64257)
   defining Unicode char U+FB02 (decimal 64258)
   defining Unicode char U+FB03 (decimal 64259)
   defining Unicode char U+FB04 (decimal 64260)
   defining Unicode char U+FB05 (decimal 64261)
   defining Unicode char U+FB06 (decimal 64262)
))))
(/usr/share/texlive/texmf-dist/tex/latex/enumitem/enumitem.sty
Package: enumitem 2019/06/20 v3.9 Customized lists
\labelindent=\skip61
\enit@outerparindent=\dimen257
\enit@toks=\toks31
\enit@inbox=\box54
\enit@count@id=\count304
\enitdp@description=\count305
)
(/usr/share/texlive/texmf-dist/tex/generic/ulem/ulem.sty
\UL@box=\box55
\UL@hyphenbox=\box56
\UL@skip=\skip62
\UL@hook=\toks32
\UL@height=\dimen258
\UL@pe=\count306
\UL@pixel=\dimen259
\ULC@box=\box57
Package: ulem 2019/11/18
\ULdepth=\dimen260
)
(/usr/share/texlive/texmf-dist/tex/latex/algorithms/algorithm.sty
Package: algorithm 2009/08/24 v0.1 Document Style `algorithm' - floating enviro
nment

(/usr/share/texlive/texmf-dist/tex/latex/float/float.sty
Package: float 2001/11/08 v1.3d Float enhancements (AL)
\c@float@type=\count307
\float@exts=\toks33
\float@box=\box58
\@float@everytoks=\toks34
\@floatcapt=\box59
)
\@float@every@algorithm=\toks35
\c@algorithm=\count308
)
(/usr/share/texlive/texmf-dist/tex/latex/algorithmicx/algpseudocode.sty
Package: algpseudocode 

(/usr/share/texlive/texmf-dist/tex/latex/algorithmicx/algorithmicx.sty
Package: algorithmicx 2005/04/27 v1.2 Algorithmicx

Document Style algorithmicx 1.2 - a greatly improved `algorithmic' style
\c@ALG@line=\count309
\c@ALG@rem=\count310
\c@ALG@nested=\count311
\ALG@tlm=\skip63
\ALG@thistlm=\skip64
\c@ALG@Lnr=\count312
\c@ALG@blocknr=\count313
\c@ALG@storecount=\count314
\c@ALG@tmpcounter=\count315
\ALG@tmplength=\skip65
)
Document Style - pseudocode environments for use with the `algorithmicx' style
) (/usr/share/texlive/texmf-dist/tex/latex/pgfplots/pgfplots.sty
(/usr/share/texlive/texmf-dist/tex/generic/pgfplots/pgfplots.revision.tex)
Package: pgfplots 2018/03/28 v1.16 Data Visualization (1.16)

(/usr/share/texlive/texmf-dist/tex/latex/pgf/frontendlayer/tikz.sty
(/usr/share/texlive/texmf-dist/tex/latex/pgf/basiclayer/pgf.sty
Package: pgf 2020/01/08 v3.1.5b (3.1.5b)

(/usr/share/texlive/texmf-dist/tex/latex/pgf/basiclayer/pgfcore.sty
(/usr/share/texlive/texmf-dist/tex/latex/pgf/systemlayer/pgfsys.sty
(/usr/share/texlive/texmf-dist/tex/generic/pgf/systemlayer/pgfsys.code.tex
Package: pgfsys 2020/01/08 v3.1.5b (3.1.5b)

(/usr/share/texlive/texmf-dist/tex/generic/pgf/utilities/pgfkeys.code.tex)
\pgf@x=\dimen261
\pgf@y=\dimen262
\pgf@xa=\dimen263
\pgf@ya=\dimen264
\pgf@xb=\dimen265
\pgf@yb=\dimen266
\pgf@xc=\dimen267
\pgf@yc=\dimen268
\pgf@xd=\dimen269
\pgf@yd=\dimen270
\w@pgf@writea=\write5
\r@pgf@reada=\read4
\c@pgf@counta=\count316
\c@pgf@countb=\count317
\c@pgf@countc=\count318
\c@pgf@countd=\count319
\t@pgf@toka=\toks36
\t@pgf@tokb=\toks37
\t@pgf@tokc=\toks38
\pgf@sys@id@count=\count320

(/usr/share/texlive/texmf-dist/tex/generic/pgf/systemlayer/pgf.cfg
File: pgf.cfg 2020/01/08 v3.1.5b (3.1.5b)
)
Driver file for pgf: pgfsys-pdftex.def

(/usr/share/texlive/texmf-dist/tex/generic/pgf/systemlayer/pgfsys-pdftex.def
File: pgfsys-pdftex.def 2020/01/08 v3.1.5b (3.1.5b)

(/usr/share/texlive/texmf-dist/tex/generic/pgf/systemlayer/pgfsys-common-pdf.de
f
File: pgfsys-common-pdf.def 2020/01/08 v3.1.5b (3.1.5b)
)))
(/usr/share/texlive/texmf-dist/tex/generic/pgf/systemlayer/pgfsyssoftpath.code.
tex
File: pgfsyssoftpath.code.tex 2020/01/08 v3.1.5b (3.1.5b)
\pgfsyssoftpath@smallbuffer@items=\count321
\pgfsyssoftpath@bigbuffer@items=\count322
)
(/usr/share/texlive/texmf-dist/tex/generic/pgf/systemlayer/pgfsysprotocol.code.
tex
File: pgfsysprotocol.code.tex 2020/01/08 v3.1.5b (3.1.5b)
))
(/usr/share/texlive/texmf-dist/tex/generic/pgf/basiclayer/pgfcore.code.tex
Package: pgfcore 2020/01/08 v3.1.5b (3.1.5b)

(/usr/share/texlive/texmf-dist/tex/generic/pgf/math/pgfmath.code.tex
(/usr/share/texlive/texmf-dist/tex/generic/pgf/math/pgfmathcalc.code.tex
(/usr/share/texlive/texmf-dist/tex/generic/pgf/math/pgfmathutil.code.tex)
(/usr/share/texlive/texmf-dist/tex/generic/pgf/math/pgfmathparser.code.tex
\pgfmath@dimen=\dimen271
\pgfmath@count=\count323
\pgfmath@box=\box60
\pgfmath@toks=\toks39
\pgfmath@stack@operand=\toks40
\pgfmath@stack@operation=\toks41
)
(/usr/share/texlive/texmf-dist/tex/generic/pgf/math/pgfmathfunctions.code.tex
(/usr/share/texlive/texmf-dist/tex/generic/pgf/math/pgfmathfunctions.basic.code
.tex)
(/usr/share/texlive/texmf-dist/tex/generic/pgf/math/pgfmathfunctions.trigonomet
ric.code.tex)
(/usr/share/texlive/texmf-dist/tex/generic/pgf/math/pgfmathfunctions.random.cod
e.tex)
(/usr/share/texlive/texmf-dist/tex/generic/pgf/math/pgfmathfunctions.comparison
.code.tex)
(/usr/share/texlive/texmf-dist/tex/generic/pgf/math/pgfmathfunctions.base.code.
tex)
(/usr/share/texlive/texmf-dist/tex/generic/pgf/math/pgfmathfunctions.round.code
.tex)
(/usr/share/texlive/texmf-dist/tex/generic/pgf/math/pgfmathfunctions.misc.code.
tex)
(/usr/share/texlive/texmf-dist/tex/generic/pgf/math/pgfmathfunctions.integerari
thmetics.code.tex)))
(/usr/share/texlive/texmf-dist/tex/generic/pgf/math/pgfmathfloat.code.tex
\c@pgfmathroundto@lastzeros=\count324
))
(/usr/share/texlive/texmf-dist/tex/generic/pgf/math/pgfint.code.tex)
(/usr/share/texlive/texmf-dist/tex/generic/pgf/basiclayer/pgfcorepoints.code.te
x
File: pgfcorepoints.code.tex 2020/01/08 v3.1.5b (3.1.5b)
\pgf@picminx=\dimen272
\pgf@picmaxx=\dimen273
\pgf@picminy=\dimen274
\pgf@picmaxy=\dimen275
\pgf@pathminx=\dimen276
\pgf@pathmaxx=\dimen277
\pgf@pathminy=\dimen278
\pgf@pathmaxy=\dimen279
\pgf@xx=\dimen280
\pgf@xy=\dimen281
\pgf@yx=\dimen282
\pgf@yy=\dimen283
\pgf@zx=\dimen284
\pgf@zy=\dimen285
)
(/usr/share/texlive/texmf-dist/tex/generic/pgf/basiclayer/pgfcorepathconstruct.
code.tex
File: pgfcorepathconstruct.code.tex 2020/01/08 v3.1.5b (3.1.5b)
\pgf@path@lastx=\dimen286
\pgf@path@lasty=\dimen287
)
(/usr/share/texlive/texmf-dist/tex/generic/pgf/basiclayer/pgfcorepathusage.code
.tex
File: pgfcorepathusage.code.tex 2020/01/08 v3.1.5b (3.1.5b)
\pgf@shorten@end@additional=\dimen288
\pgf@shorten@start@additional=\dimen289
)
(/usr/share/texlive/texmf-dist/tex/generic/pgf/basiclayer/pgfcorescopes.code.te
x
File: pgfcorescopes.code.tex 2020/01/08 v3.1.5b (3.1.5b)
\pgfpic=\box61
\pgf@hbox=\box62
\pgf@layerbox@main=\box63
\pgf@picture@serial@count=\count325
)
(/usr/share/texlive/texmf-dist/tex/generic/pgf/basiclayer/pgfcoregraphicstate.c
ode.tex
File: pgfcoregraphicstate.code.tex 2020/01/08 v3.1.5b (3.1.5b)
\pgflinewidth=\dimen290
)
(/usr/share/texlive/texmf-dist/tex/generic/pgf/basiclayer/pgfcoretransformation
s.code.tex
File: pgfcoretransformations.code.tex 2020/01/08 v3.1.5b (3.1.5b)
\pgf@pt@x=\dimen291
\pgf@pt@y=\dimen292
\pgf@pt@temp=\dimen293
)
(/usr/share/texlive/texmf-dist/tex/generic/pgf/basiclayer/pgfcorequick.code.tex
File: pgfcorequick.code.tex 2020/01/08 v3.1.5b (3.1.5b)
)
(/usr/share/texlive/texmf-dist/tex/generic/pgf/basiclayer/pgfcoreobjects.code.t
ex
File: pgfcoreobjects.code.tex 2020/01/08 v3.1.5b (3.1.5b)
)
(/usr/share/texlive/texmf-dist/tex/generic/pgf/basiclayer/pgfcorepathprocessing
.code.tex
File: pgfcorepathprocessing.code.tex 2020/01/08 v3.1.5b (3.1.5b)
)
(/usr/share/texlive/texmf-dist/tex/generic/pgf/basiclayer/pgfcorearrows.code.te
x
File: pgfcorearrows.code.tex 2020/01/08 v3.1.5b (3.1.5b)
\pgfarrowsep=\dimen294
)
(/usr/share/texlive/texmf-dist/tex/generic/pgf/basiclayer/pgfcoreshade.code.tex
File: pgfcoreshade.code.tex 2020/01/08 v3.1.5b (3.1.5b)
\pgf@max=\dimen295
\pgf@sys@shading@range@num=\count326
\pgf@shadingcount=\count327
)
(/usr/share/texlive/texmf-dist/tex/generic/pgf/basiclayer/pgfcoreimage.code.tex
File: pgfcoreimage.code.tex 2020/01/08 v3.1.5b (3.1.5b)

(/usr/share/texlive/texmf-dist/tex/generic/pgf/basiclayer/pgfcoreexternal.code.
tex
File: pgfcoreexternal.code.tex 2020/01/08 v3.1.5b (3.1.5b)
\pgfexternal@startupbox=\box64
))
(/usr/share/texlive/texmf-dist/tex/generic/pgf/basiclayer/pgfcorelayers.code.te
x
File: pgfcorelayers.code.tex 2020/01/08 v3.1.5b (3.1.5b)
)
(/usr/share/texlive/texmf-dist/tex/generic/pgf/basiclayer/pgfcoretransparency.c
ode.tex
File: pgfcoretransparency.code.tex 2020/01/08 v3.1.5b (3.1.5b)
)
(/usr/share/texlive/texmf-dist/tex/generic/pgf/basiclayer/pgfcorepatterns.code.
tex
File: pgfcorepatterns.code.tex 2020/01/08 v3.1.5b (3.1.5b)
)
(/usr/share/texlive/texmf-dist/tex/generic/pgf/basiclayer/pgfcorerdf.code.tex
File: pgfcorerdf.code.tex 2020/01/08 v3.1.5b (3.1.5b)
)))
(/usr/share/texlive/texmf-dist/tex/generic/pgf/modules/pgfmoduleshapes.code.tex
File: pgfmoduleshapes.code.tex 2020/01/08 v3.1.5b (3.1.5b)
\pgfnodeparttextbox=\box65
) (/usr/share/texlive/texmf-dist/tex/generic/pgf/modules/pgfmoduleplot.code.tex
File: pgfmoduleplot.code.tex 2020/01/08 v3.1.5b (3.1.5b)
)
(/usr/share/texlive/texmf-dist/tex/latex/pgf/compatibility/pgfcomp-version-0-65
.sty
Package: pgfcomp-version-0-65 2020/01/08 v3.1.5b (3.1.5b)
\pgf@nodesepstart=\dimen296
\pgf@nodesepend=\dimen297
)
(/usr/share/texlive/texmf-dist/tex/latex/pgf/compatibility/pgfcomp-version-1-18
.sty
Package: pgfcomp-version-1-18 2020/01/08 v3.1.5b (3.1.5b)
)) (/usr/share/texlive/texmf-dist/tex/latex/pgf/utilities/pgffor.sty
(/usr/share/texlive/texmf-dist/tex/latex/pgf/math/pgfmath.sty
(/usr/share/texlive/texmf-dist/tex/generic/pgf/math/pgfmath.code.tex))
(/usr/share/texlive/texmf-dist/tex/generic/pgf/utilities/pgffor.code.tex
Package: pgffor 2020/01/08 v3.1.5b (3.1.5b)

(/usr/share/texlive/texmf-dist/tex/generic/pgf/math/pgfmath.code.tex)
\pgffor@iter=\dimen298
\pgffor@skip=\dimen299
\pgffor@stack=\toks42
\pgffor@toks=\toks43
))
(/usr/share/texlive/texmf-dist/tex/generic/pgf/frontendlayer/tikz/tikz.code.tex
Package: tikz 2020/01/08 v3.1.5b (3.1.5b)

(/usr/share/texlive/texmf-dist/tex/generic/pgf/libraries/pgflibraryplothandlers
.code.tex
File: pgflibraryplothandlers.code.tex 2020/01/08 v3.1.5b (3.1.5b)
\pgf@plot@mark@count=\count328
\pgfplotmarksize=\dimen300
)
\tikz@lastx=\dimen301
\tikz@lasty=\dimen302
\tikz@lastxsaved=\dimen303
\tikz@lastysaved=\dimen304
\tikz@lastmovetox=\dimen305
\tikz@lastmovetoy=\dimen306
\tikzleveldistance=\dimen307
\tikzsiblingdistance=\dimen308
\tikz@figbox=\box66
\tikz@figbox@bg=\box67
\tikz@tempbox=\box68
\tikz@tempbox@bg=\box69
\tikztreelevel=\count329
\tikznumberofchildren=\count330
\tikznumberofcurrentchild=\count331
\tikz@fig@count=\count332

(/usr/share/texlive/texmf-dist/tex/generic/pgf/modules/pgfmodulematrix.code.tex
File: pgfmodulematrix.code.tex 2020/01/08 v3.1.5b (3.1.5b)
\pgfmatrixcurrentrow=\count333
\pgfmatrixcurrentcolumn=\count334
\pgf@matrix@numberofcolumns=\count335
)
\tikz@expandcount=\count336

(/usr/share/texlive/texmf-dist/tex/generic/pgf/frontendlayer/tikz/libraries/tik
zlibrarytopaths.code.tex
File: tikzlibrarytopaths.code.tex 2020/01/08 v3.1.5b (3.1.5b)
)))
(/usr/share/texlive/texmf-dist/tex/generic/pgfplots/pgfplots.code.tex
(/usr/share/texlive/texmf-dist/tex/generic/pgfplots/pgfplotscore.code.tex
\t@pgfplots@toka=\toks44
\t@pgfplots@tokb=\toks45
\t@pgfplots@tokc=\toks46
\pgfplots@tmpa=\dimen309
\c@pgfplots@coordindex=\count337
\c@pgfplots@scanlineindex=\count338

(/usr/share/texlive/texmf-dist/tex/generic/pgfplots/sys/pgfplotssysgeneric.code
.tex))
(/usr/share/texlive/texmf-dist/tex/generic/pgfplots/libs/pgfplotslibrary.code.t
ex)
(/usr/share/texlive/texmf-dist/tex/generic/pgfplots/oldpgfcompatib/pgfplotsoldp
gfsupp_loader.code.tex
(/usr/share/texlive/texmf-dist/tex/generic/pgf/libraries/pgflibraryfpu.code.tex
))
(/usr/share/texlive/texmf-dist/tex/generic/pgfplots/util/pgfplotsutil.code.tex
(/usr/share/texlive/texmf-dist/tex/generic/pgfplots/liststructure/pgfplotslists
tructure.code.tex)
(/usr/share/texlive/texmf-dist/tex/generic/pgfplots/liststructure/pgfplotslists
tructureext.code.tex)
(/usr/share/texlive/texmf-dist/tex/generic/pgfplots/liststructure/pgfplotsarray
.code.tex
\c@pgfplotsarray@tmp=\count339
)
(/usr/share/texlive/texmf-dist/tex/generic/pgfplots/liststructure/pgfplotsmatri
x.code.tex)
(/usr/share/texlive/texmf-dist/tex/generic/pgfplots/numtable/pgfplotstableshare
d.code.tex
\c@pgfplotstable@counta=\count340
\t@pgfplotstable@a=\toks47
)
(/usr/share/texlive/texmf-dist/tex/generic/pgfplots/liststructure/pgfplotsdeque
.code.tex)
(/usr/share/texlive/texmf-dist/tex/generic/pgfplots/util/pgfplotsbinary.code.te
x
(/usr/share/texlive/texmf-dist/tex/generic/pgfplots/util/pgfplotsbinary.data.co
de.tex))
(/usr/share/texlive/texmf-dist/tex/generic/pgfplots/util/pgfplotsutil.verb.code
.tex)
(/usr/share/texlive/texmf-dist/tex/generic/pgfplots/libs/pgflibrarypgfplots.sur
fshading.code.tex
\c@pgfplotslibrarysurf@no=\count341

(/usr/share/texlive/texmf-dist/tex/generic/pgfplots/sys/pgflibrarypgfplots.surf
shading.pgfsys-pdftex.def)))
(/usr/share/texlive/texmf-dist/tex/generic/pgfplots/util/pgfplotscolormap.code.
tex
(/usr/share/texlive/texmf-dist/tex/generic/pgfplots/util/pgfplotscolor.code.tex
))
(/usr/share/texlive/texmf-dist/tex/generic/pgfplots/pgfplotsstackedplots.code.t
ex)
(/usr/share/texlive/texmf-dist/tex/generic/pgfplots/pgfplotsplothandlers.code.t
ex
(/usr/share/texlive/texmf-dist/tex/generic/pgfplots/pgfplotsmeshplothandler.cod
e.tex
(/usr/share/texlive/texmf-dist/tex/generic/pgfplots/pgfplotsmeshplotimage.code.
tex)))
(/usr/share/texlive/texmf-dist/tex/generic/pgfplots/pgfplots.scaling.code.tex)
(/usr/share/texlive/texmf-dist/tex/generic/pgfplots/pgfplotscoordprocessing.cod
e.tex)
(/usr/share/texlive/texmf-dist/tex/generic/pgfplots/pgfplots.errorbars.code.tex
) (/usr/share/texlive/texmf-dist/tex/generic/pgfplots/pgfplots.markers.code.tex
) (/usr/share/texlive/texmf-dist/tex/generic/pgfplots/pgfplotsticks.code.tex)
(/usr/share/texlive/texmf-dist/tex/generic/pgfplots/pgfplots.paths.code.tex)
(/usr/share/texlive/texmf-dist/tex/generic/pgf/frontendlayer/tikz/libraries/tik
zlibrarydecorations.code.tex
(/usr/share/texlive/texmf-dist/tex/generic/pgf/modules/pgfmoduledecorations.cod
e.tex
\pgfdecoratedcompleteddistance=\dimen310
\pgfdecoratedremainingdistance=\dimen311
\pgfdecoratedinputsegmentcompleteddistance=\dimen312
\pgfdecoratedinputsegmentremainingdistance=\dimen313
\pgf@decorate@distancetomove=\dimen314
\pgf@decorate@repeatstate=\count342
\pgfdecorationsegmentamplitude=\dimen315
\pgfdecorationsegmentlength=\dimen316
)
\tikz@lib@dec@box=\box70
)
(/usr/share/texlive/texmf-dist/tex/generic/pgf/frontendlayer/tikz/libraries/tik
zlibrarydecorations.pathmorphing.code.tex
(/usr/share/texlive/texmf-dist/tex/generic/pgf/libraries/decorations/pgflibrary
decorations.pathmorphing.code.tex))
(/usr/share/texlive/texmf-dist/tex/generic/pgf/frontendlayer/tikz/libraries/tik
zlibrarydecorations.pathreplacing.code.tex
(/usr/share/texlive/texmf-dist/tex/generic/pgf/libraries/decorations/pgflibrary
decorations.pathreplacing.code.tex))
\pgfplots@numplots=\count343
\pgfplots@xmin@reg=\dimen317
\pgfplots@xmax@reg=\dimen318
\pgfplots@ymin@reg=\dimen319
\pgfplots@ymax@reg=\dimen320
\pgfplots@zmin@reg=\dimen321
\pgfplots@zmax@reg=\dimen322
)
(/usr/share/texlive/texmf-dist/tex/generic/pgf/frontendlayer/tikz/libraries/tik
zlibraryplotmarks.code.tex
File: tikzlibraryplotmarks.code.tex 2020/01/08 v3.1.5b (3.1.5b)

(/usr/share/texlive/texmf-dist/tex/generic/pgf/libraries/pgflibraryplotmarks.co
de.tex
File: pgflibraryplotmarks.code.tex 2020/01/08 v3.1.5b (3.1.5b)
))) (/usr/share/texlive/texmf-dist/tex/latex/pgfplots/pgfplotstable.sty
(/usr/share/texlive/texmf-dist/tex/generic/pgfplots/pgfplots.revision.tex)
Package: pgfplotstable 2018/03/28 v1.16 Table typesetting and Pretty-printing (
1.16)

(/usr/share/texlive/texmf-dist/tex/generic/pgfplots/numtable/pgfplotstable.code
.tex
(/usr/share/texlive/texmf-dist/tex/generic/pgfplots/numtable/pgfplotstable.colt
ype.code.tex)))
(/usr/share/texlive/texmf-dist/tex/generic/pgf/libraries/pgflibraryarrows.meta.
code.tex
File: pgflibraryarrows.meta.code.tex 2020/01/08 v3.1.5b (3.1.5b)
\pgfarrowinset=\dimen323
\pgfarrowlength=\dimen324
\pgfarrowwidth=\dimen325
\pgfarrowlinewidth=\dimen326
)
(/usr/share/texlive/texmf-dist/tex/generic/pgf/frontendlayer/tikz/libraries/gra
phs/tikzlibrarygraphs.code.tex
File: tikzlibrarygraphs.code.tex 2020/01/08 v3.1.5b (3.1.5b)
\tikz@lib@auto@number=\count344
\tikz@qnode@count=\count345
)
(/usr/share/texlive/texmf-dist/tex/generic/pgf/frontendlayer/tikz/libraries/tik
zlibrarypatterns.code.tex
File: tikzlibrarypatterns.code.tex 2020/01/08 v3.1.5b (3.1.5b)

(/usr/share/texlive/texmf-dist/tex/generic/pgf/libraries/pgflibrarypatterns.cod
e.tex
File: pgflibrarypatterns.code.tex 2020/01/08 v3.1.5b (3.1.5b)
))
(/usr/share/texlive/texmf-dist/tex/generic/pgf/frontendlayer/tikz/libraries/tik
zlibrarypositioning.code.tex
File: tikzlibrarypositioning.code.tex 2020/01/08 v3.1.5b (3.1.5b)
)
(/usr/share/texlive/texmf-dist/tex/latex/draftwatermark/draftwatermark.sty
Package: draftwatermark 2015/02/19 1.2 Put a gray textual watermark on document
 pages

(/usr/share/texlive/texmf-dist/tex/latex/everypage/everypage.sty
Package: everypage 2007/06/20 1.1 Hooks to run on every page
)
\sc@wm@hcenter=\skip66
\sc@wm@vcenter=\skip67
\sc@wm@fontsize=\skip68
)
(/usr/share/texlive/texmf-dist/tex/latex/caption/subcaption.sty
Package: subcaption 2020/01/22 v1.3d Sub-captions (AR)
\c@subfigure=\count346
\c@subtable=\count347
)
(/usr/share/texlive/texmf-dist/tex/latex/appendix/appendix.sty
Package: appendix 2020/02/08 v1.2c extra appendix facilities
\c@@pps=\count348
\c@@ppsavesec=\count349
\c@@ppsaveapp=\count350
)
\c@definition=\count351
)
\@input{acknowledgments/acknowledgments.aux}
\openout2 = `acknowledgments/acknowledgments.aux'.

(./acknowledgments/acknowledgments.tex)
\@input{dedication/dedication.aux}
\openout2 = `dedication/dedication.aux'.

(./dedication/dedication.tex)
\@input{abstract/abstract.aux}
\openout2 = `abstract/abstract.aux'.

(./abstract/abstract.tex)
(/usr/share/texlive/texmf-dist/tex/latex/l3backend/l3backend-pdfmode.def
File: l3backend-pdfmode.def 2020-02-03 L3 backend support: PDF mode
\l__kernel_color_stack_int=\count352
\l__pdf_internal_box=\box71
)
(./thesis.aux

LaTeX Warning: Label `fig:HD_GRB_GP' multiply defined.


LaTeX Warning: Label `fig:prior_pantheon' multiply defined.


LaTeX Warning: Label `sub@fig:prior_pantheon' multiply defined.


LaTeX Warning: Label `fig:posterior_pantheon' multiply defined.


LaTeX Warning: Label `sub@fig:posterior_pantheon' multiply defined.


LaTeX Warning: Label `prior_posterior_pantheon_gp' multiply defined.


LaTeX Warning: Label `riess1998observational' multiply defined.


LaTeX Warning: Label `perlmutter1999measurements' multiply defined.


LaTeX Warning: Label `schaefer2007hubble' multiply defined.


LaTeX Warning: Label `li2007variation' multiply defined.


LaTeX Warning: Label `basilakos2008testing' multiply defined.


LaTeX Warning: Label `wang2011updated' multiply defined.


LaTeX Warning: Label `tang2021model' multiply defined.


LaTeX Warning: Label `scolnic2018complete' multiply defined.


LaTeX Warning: Label `suzuki2012hubble' multiply defined.


LaTeX Warning: Label `rasmussen2003gaussian' multiply defined.


LaTeX Warning: Label `escamilla2020deep' multiply defined.


LaTeX Warning: Label `srivastava2014dropout' multiply defined.


LaTeX Warning: Label `gal2016theoretically' multiply defined.


LaTeX Warning: Label `scikit-learn' multiply defined.


LaTeX Warning: Label `d2005fits' multiply defined.


LaTeX Warning: Label `emcee' multiply defined.


LaTeX Warning: Label `tensorflow2015-whitepaper' multiply defined.


LaTeX Warning: Label `kingma2014adam' multiply defined.


LaTeX Warning: Label `riess1998observational' multiply defined.


LaTeX Warning: Label `perlmutter1999measurements' multiply defined.


LaTeX Warning: Label `schaefer2007hubble' multiply defined.


LaTeX Warning: Label `li2007variation' multiply defined.


LaTeX Warning: Label `basilakos2008testing' multiply defined.


LaTeX Warning: Label `wang2011updated' multiply defined.


LaTeX Warning: Label `tang2021model' multiply defined.


LaTeX Warning: Label `scolnic2018complete' multiply defined.


LaTeX Warning: Label `suzuki2012hubble' multiply defined.


LaTeX Warning: Label `rasmussen2003gaussian' multiply defined.


LaTeX Warning: Label `escamilla2020deep' multiply defined.


LaTeX Warning: Label `srivastava2014dropout' multiply defined.


LaTeX Warning: Label `gal2016theoretically' multiply defined.


LaTeX Warning: Label `scikit-learn' multiply defined.


LaTeX Warning: Label `d2005fits' multiply defined.


LaTeX Warning: Label `emcee' multiply defined.


LaTeX Warning: Label `tensorflow2015-whitepaper' multiply defined.


LaTeX Warning: Label `kingma2014adam' multiply defined.

)
\openout1 = `thesis.aux'.

LaTeX Font Info:    Checking defaults for OML/cmm/m/it on input line 27.
LaTeX Font Info:    ... okay on input line 27.
LaTeX Font Info:    Checking defaults for OMS/cmsy/m/n on input line 27.
LaTeX Font Info:    ... okay on input line 27.
LaTeX Font Info:    Checking defaults for OT1/cmr/m/n on input line 27.
LaTeX Font Info:    ... okay on input line 27.
LaTeX Font Info:    Checking defaults for T1/cmr/m/n on input line 27.
LaTeX Font Info:    ... okay on input line 27.
LaTeX Font Info:    Checking defaults for TS1/cmr/m/n on input line 27.
LaTeX Font Info:    ... okay on input line 27.
LaTeX Font Info:    Checking defaults for OMX/cmex/m/n on input line 27.
LaTeX Font Info:    ... okay on input line 27.
LaTeX Font Info:    Checking defaults for U/cmr/m/n on input line 27.
LaTeX Font Info:    ... okay on input line 27.
LaTeX Font Info:    Checking defaults for PD1/pdf/m/n on input line 27.
LaTeX Font Info:    ... okay on input line 27.
LaTeX Font Info:    Checking defaults for LY1/ptm/m/n on input line 27.
LaTeX Font Info:    Trying to load font information for LY1+ptm on input line 2
7.
 (/usr/share/texlive/texmf-dist/tex/latex/ly1/ly1ptm.fd
File: ly1ptm.fd 2001/02/01 font definitions for LY1/ptm using Berry names.
)
LaTeX Font Info:    ... okay on input line 27.

(/usr/share/texlive/texmf-dist/tex/context/base/mkii/supp-pdf.mkii
[Loading MPS to PDF converter (version 2006.09.02).]
\scratchcounter=\count353
\scratchdimen=\dimen327
\scratchbox=\box72
\nofMPsegments=\count354
\nofMParguments=\count355
\everyMPshowfont=\toks48
\MPscratchCnt=\count356
\MPscratchDim=\dimen328
\MPnumerator=\count357
\makeMPintoPDFobject=\count358
\everyMPtoPDFconversion=\toks49
) (/usr/share/texlive/texmf-dist/tex/latex/epstopdf-pkg/epstopdf-base.sty
Package: epstopdf-base 2020-01-24 v2.11 Base part for package epstopdf

(/usr/share/texlive/texmf-dist/tex/latex/grfext/grfext.sty
Package: grfext 2019/12/03 v1.3 Manage graphics extensions (HO)
)
Package epstopdf-base Info: Redefining graphics rule for `.eps' on input line 4
85.
Package grfext Info: Graphics extension search list:
(grfext)             [.pdf,.png,.jpg,.mps,.jpeg,.jbig2,.jb2,.PDF,.PNG,.JPG,.JPE
G,.JBIG2,.JB2,.eps]
(grfext)             \AppendGraphicsExtensions on input line 504.

(/usr/share/texlive/texmf-dist/tex/latex/latexconfig/epstopdf-sys.cfg
File: epstopdf-sys.cfg 2010/07/13 v1.3 Configuration of (r)epstopdf for TeX Liv
e
))
\AtBeginShipoutBox=\box73
Package hyperref Info: Link coloring ON on input line 27.

(/usr/share/texlive/texmf-dist/tex/latex/hyperref/nameref.sty
Package: nameref 2019/09/16 v2.46 Cross-referencing by name of section

(/usr/share/texlive/texmf-dist/tex/latex/refcount/refcount.sty
Package: refcount 2019/12/15 v3.6 Data extraction from label references (HO)
)
(/usr/share/texlive/texmf-dist/tex/generic/gettitlestring/gettitlestring.sty
Package: gettitlestring 2019/12/15 v1.6 Cleanup title references (HO)
)
\c@section@level=\count359
)
LaTeX Info: Redefining \ref on input line 27.
LaTeX Info: Redefining \pageref on input line 27.
LaTeX Info: Redefining \nameref on input line 27.

(./thesis.out) (./thesis.out)
\@outlinefile=\write6
\openout6 = `thesis.out'.

Package epstopdf Info: Source file: <logo.eps>
(epstopdf)                    date: 2022-05-23 23:32:38
(epstopdf)                    size: 111376 bytes
(epstopdf)             Output file: <logo-eps-converted-to.pdf>
(epstopdf)                    date: 2022-05-23 23:32:38
(epstopdf)                    size: 9702 bytes
(epstopdf)             Command: <repstopdf --outfile=logo-eps-converted-to.pdf 
logo.eps>
(epstopdf)             \includegraphics on input line 27.
Package epstopdf Info: Output file is already uptodate.
<logo-eps-converted-to.pdf, id=218, 118.4425pt x 121.45375pt>
File: logo-eps-converted-to.pdf Graphic file (type pdf)
<use logo-eps-converted-to.pdf>
Package pdftex.def Info: logo-eps-converted-to.pdf  used on input line 27.
(pdftex.def)             Requested size: 113.81102pt x 116.70729pt.
 [1
Non-PDF special ignored!
<special> papersize=597.50787pt,845.04684pt









{/var/lib/texmf/fonts/map/pdftex/updmap/pdftex.map} <./logo-eps-converted-to.pd
f>] [2

] [3

] [4

] [5

] (./thesis.toc
LaTeX Font Info:    Trying to load font information for U+msa on input line 1.

(/usr/share/texlive/texmf-dist/tex/latex/amsfonts/umsa.fd
File: umsa.fd 2013/01/14 v3.01 AMS symbols A
)
LaTeX Font Info:    Trying to load font information for U+msb on input line 1.

(/usr/share/texlive/texmf-dist/tex/latex/amsfonts/umsb.fd
File: umsb.fd 2013/01/14 v3.01 AMS symbols B
) [6


])
\tf@toc=\write7
\openout7 = `thesis.toc'.

 [7]
ABD: EveryShipout initializing macros
Package caption Info: Begin \AtBeginDocument code.
Package caption Info: float package is loaded.
Package caption Info: listings package is loaded.
Package caption Info: End \AtBeginDocument code.
\c@lstlisting=\count360

Package pgfplots notification 'compat/show suggested version=true': you might b
enefit from \pgfplotsset{compat=1.16} (current compat level: 1.14).

(./chapter-1/chapter-1.tex
Chapter 1.
(./chapter-1/./010_introduction.tex) (./chapter-1/./020_survey.tex
Underfull \vbox (badness 1460) has occurred while \output is active []



LaTeX Font Warning: Font shape `T1/cmr/m/n' in size <56.9055> not available
(Font)              size <35.83> substituted on input line 3.

[1





]) (./chapter-1/./030_observational_data.tex
LaTeX Font Info:    Trying to load font information for T1+SourceCodePro-TLF on
 input line 8.

(/usr/share/texlive/texmf-dist/tex/latex/sourcecodepro/T1SourceCodePro-TLF.fd
File: T1SourceCodePro-TLF.fd 2018/02/18 (autoinst) Font definitions for T1/Sour
ceCodePro-TLF.
)
LaTeX Font Info:    Font shape `T1/SourceCodePro-TLF/m/n' will be
(Font)              scaled to size 7.19995pt on input line 8.
) (./chapter-1/./040_methodology.tex (./chapter-1/./041_GP.tex [2]
Underfull \hbox (badness 10000) detected at line 28
 []$[]  [][]\OMS/cmsy/m/n/10 j\OML/cmm/m/it/10 X[]; X:[] \OMS/cmsy/m/n/10 ^^Y N
 []  $ 
 []


LaTeX Warning: Reference `eq_k' on page 3 undefined on input line 29.

[3]) (./chapter-1/./042_LSTM.tex

LaTeX Warning: Citation `goodfellow2016deep' on page 4 undefined on input line 
4.

<./chapter-1/images/lstm_Cell.png, id=375, 274.02374pt x 185.69376pt>
File: ./chapter-1/images/lstm_Cell.png Graphic file (type png)
<use ./chapter-1/images/lstm_Cell.png>
Package pdftex.def Info: ./chapter-1/images/lstm_Cell.png  used on input line 1
1.
(pdftex.def)             Requested size: 433.62pt x 293.86893pt.

Underfull \vbox (badness 10000) has occurred while \output is active []

 [4]
<./chapter-1/images/network_arch.png, id=383, 607.26875pt x 454.69875pt>
File: ./chapter-1/images/network_arch.png Graphic file (type png)
<use ./chapter-1/images/network_arch.png>
Package pdftex.def Info: ./chapter-1/images/network_arch.png  used on input lin
e 33.
(pdftex.def)             Requested size: 433.62pt x 324.68391pt.

[5 <./chapter-1/images/lstm_cell.png>] [6 <./chapter-1/images/network_arch.png>
])) (./chapter-1/./050_reconstruction_gp.tex (./chapter-1/./051_training_gp.tex
[7]
<./chapter-1/images/pantheon/gp/02_Sample_prior_distibutions.png, id=422, 433.6
2pt x 289.08pt>
File: ./chapter-1/images/pantheon/gp/02_Sample_prior_distibutions.png Graphic f
ile (type png)
<use ./chapter-1/images/pantheon/gp/02_Sample_prior_distibutions.png>
Package pdftex.def Info: ./chapter-1/images/pantheon/gp/02_Sample_prior_distibu
tions.png  used on input line 8.
(pdftex.def)             Requested size: 216.81pt x 144.53964pt.
<./chapter-1/images/pantheon/gp/02_Sample_posterior_distibutions.png, id=423, 4
33.62pt x 289.08pt>
File: ./chapter-1/images/pantheon/gp/02_Sample_posterior_distibutions.png Graph
ic file (type png)
<use ./chapter-1/images/pantheon/gp/02_Sample_posterior_distibutions.png>
Package pdftex.def Info: ./chapter-1/images/pantheon/gp/02_Sample_posterior_dis
tibutions.png  used on input line 14.
(pdftex.def)             Requested size: 216.81pt x 144.53964pt.
<./chapter-1/images/pantheon/gp/03_Reconstruction_GP.png, id=424, 433.62pt x 28
9.08pt>
File: ./chapter-1/images/pantheon/gp/03_Reconstruction_GP.png Graphic file (typ
e png)
<use ./chapter-1/images/pantheon/gp/03_Reconstruction_GP.png>
Package pdftex.def Info: ./chapter-1/images/pantheon/gp/03_Reconstruction_GP.pn
g  used on input line 25.
(pdftex.def)             Requested size: 433.62pt x 289.09251pt.
 [8 <./chapter-1/images/pantheon/gp/02_Sample_prior_distibutions.png> <./chapte
r-1/images/pantheon/gp/02_Sample_posterior_distibutions.png> <./chapter-1/image
s/pantheon/gp/03_Reconstruction_GP.png>])
(./chapter-1/./052_testing_correlations.tex
Underfull \vbox (badness 10000) has occurred while \output is active []

 [9]
Underfull \vbox (badness 10000) has occurred while \output is active []

 [10]
<./chapter-1/images/pantheon/gp/15_correlatin.png, id=472, 1084.05pt x 1445.4pt
>
File: ./chapter-1/images/pantheon/gp/15_correlatin.png Graphic file (type png)
<use ./chapter-1/images/pantheon/gp/15_correlatin.png>
Package pdftex.def Info: ./chapter-1/images/pantheon/gp/15_correlatin.png  used
 on input line 101.
(pdftex.def)             Requested size: 433.62pt x 578.14977pt.
)
(./chapter-1/./053_calibration.tex
Underfull \vbox (badness 10000) has occurred while \output is active []

 [11]

Package hyperref Warning: Token not allowed in a PDF string (PDFDocEncoding):
(hyperref)                removing `math shift' on input line 1.


Package hyperref Warning: Token not allowed in a PDF string (PDFDocEncoding):
(hyperref)                removing `subscript' on input line 1.


Package hyperref Warning: Token not allowed in a PDF string (PDFDocEncoding):
(hyperref)                removing `subscript' on input line 1.


Package hyperref Warning: Token not allowed in a PDF string (PDFDocEncoding):
(hyperref)                removing `math shift' on input line 1.

<./chapter-1/images/pantheon/gp/16_GRB_reconstruction.png, id=479, 722.7pt x 57
8.16pt>
File: ./chapter-1/images/pantheon/gp/16_GRB_reconstruction.png Graphic file (ty
pe png)
<use ./chapter-1/images/pantheon/gp/16_GRB_reconstruction.png>
Package pdftex.def Info: ./chapter-1/images/pantheon/gp/16_GRB_reconstruction.p
ng  used on input line 5.
(pdftex.def)             Requested size: 303.53267pt x 242.82555pt.

Underfull \vbox (badness 10000) has occurred while \output is active []

 [12 <./chapter-1/images/pantheon/gp/15_correlatin.png>])
(./chapter-1/./054_constrain_dark_energy.tex
<./chapter-1/images/pantheon/gp/18_omega_M_corner_plot.png, id=487, 361.35pt x 
361.35pt>
File: ./chapter-1/images/pantheon/gp/18_omega_M_corner_plot.png Graphic file (t
ype png)
<use ./chapter-1/images/pantheon/gp/18_omega_M_corner_plot.png>
Package pdftex.def Info: ./chapter-1/images/pantheon/gp/18_omega_M_corner_plot.
png  used on input line 13.
(pdftex.def)             Requested size: 216.81pt x 216.81168pt.

Underfull \vbox (badness 10000) has occurred while \output is active []

 [13 <./chapter-1/images/pantheon/gp/16_GRB_reconstruction.png>]))
(./chapter-1/./060_reconstruction_lstm.tex (./chapter-1/./061_training_lstm.tex
<./chapter-1/images/pantheon/lstm/05_epoch_vs_loss.png, id=501, 1084.05pt x 361
.35pt>
File: ./chapter-1/images/pantheon/lstm/05_epoch_vs_loss.png Graphic file (type 
png)
<use ./chapter-1/images/pantheon/lstm/05_epoch_vs_loss.png>
Package pdftex.def Info: ./chapter-1/images/pantheon/lstm/05_epoch_vs_loss.png 
 used on input line 5.
(pdftex.def)             Requested size: 433.62pt x 144.53743pt.
<./chapter-1/images/pantheon/lstm/06_sample_reconstruction.png, id=502, 433.62p
t x 289.08pt>
File: ./chapter-1/images/pantheon/lstm/06_sample_reconstruction.png Graphic fil
e (type png)
<use ./chapter-1/images/pantheon/lstm/06_sample_reconstruction.png>
Package pdftex.def Info: ./chapter-1/images/pantheon/lstm/06_sample_reconstruct
ion.png  used on input line 11.
(pdftex.def)             Requested size: 346.89731pt x 231.27754pt.

Underfull \vbox (badness 3919) has occurred while \output is active []

 [14 <./chapter-1/images/pantheon/gp/18_omega_M_corner_plot.png>])
(./chapter-1/./062_testing_correlations.tex
Underfull \vbox (badness 10000) has occurred while \output is active []

 [15 <./chapter-1/images/pantheon/lstm/05_epoch_vs_loss.png> <./chapter-1/image
s/pantheon/lstm/06_sample_reconstruction.png>]
<./chapter-1/images/pantheon/lstm/15_correlatin.png, id=519, 1084.05pt x 1445.4
pt>
File: ./chapter-1/images/pantheon/lstm/15_correlatin.png Graphic file (type png
)
<use ./chapter-1/images/pantheon/lstm/15_correlatin.png>
Package pdftex.def Info: ./chapter-1/images/pantheon/lstm/15_correlatin.png  us
ed on input line 52.
(pdftex.def)             Requested size: 433.62pt x 578.14977pt.
) (./chapter-1/./063_calibration.tex
Underfull \vbox (badness 10000) has occurred while \output is active []

 [16]

Package hyperref Warning: Token not allowed in a PDF string (PDFDocEncoding):
(hyperref)                removing `math shift' on input line 1.


Package hyperref Warning: Token not allowed in a PDF string (PDFDocEncoding):
(hyperref)                removing `subscript' on input line 1.


Package hyperref Warning: Token not allowed in a PDF string (PDFDocEncoding):
(hyperref)                removing `subscript' on input line 1.


Package hyperref Warning: Token not allowed in a PDF string (PDFDocEncoding):
(hyperref)                removing `math shift' on input line 1.

<./chapter-1/images/pantheon/lstm/16_GRB_reconstruction.png, id=525, 722.7pt x 
578.16pt>
File: ./chapter-1/images/pantheon/lstm/16_GRB_reconstruction.png Graphic file (
type png)
<use ./chapter-1/images/pantheon/lstm/16_GRB_reconstruction.png>
Package pdftex.def Info: ./chapter-1/images/pantheon/lstm/16_GRB_reconstruction
.png  used on input line 4.
(pdftex.def)             Requested size: 303.53267pt x 242.82555pt.
) (./chapter-1/./064_constrain_dark_energy.tex
Underfull \vbox (badness 10000) has occurred while \output is active []

 [17 <./chapter-1/images/pantheon/lstm/15_correlatin.png>]
<./chapter-1/images/pantheon/lstm/18_omega_M_corner_plot.png, id=532, 361.35pt 
x 361.35pt>
File: ./chapter-1/images/pantheon/lstm/18_omega_M_corner_plot.png Graphic file 
(type png)
<use ./chapter-1/images/pantheon/lstm/18_omega_M_corner_plot.png>
Package pdftex.def Info: ./chapter-1/images/pantheon/lstm/18_omega_M_corner_plo
t.png  used on input line 4.
(pdftex.def)             Requested size: 216.81pt x 216.81168pt.
))
(./chapter-1/./070_analysis_union.tex (./chapter-1/././071_union_gp.tex
Underfull \vbox (badness 10000) has occurred while \output is active []

 [18 <./chapter-1/images/pantheon/lstm/16_GRB_reconstruction.png> <./chapter-1/
images/pantheon/lstm/18_omega_M_corner_plot.png>]
<./chapter-1/images/union/gp/02_Sample_prior_distibutions.png, id=544, 433.62pt
 x 289.08pt>
File: ./chapter-1/images/union/gp/02_Sample_prior_distibutions.png Graphic file
 (type png)
<use ./chapter-1/images/union/gp/02_Sample_prior_distibutions.png>
Package pdftex.def Info: ./chapter-1/images/union/gp/02_Sample_prior_distibutio
ns.png  used on input line 10.
(pdftex.def)             Requested size: 216.81pt x 144.53964pt.
<./chapter-1/images/union/gp/02_Sample_posterior_distibutions.png, id=545, 433.
62pt x 289.08pt>
File: ./chapter-1/images/union/gp/02_Sample_posterior_distibutions.png Graphic 
file (type png)
<use ./chapter-1/images/union/gp/02_Sample_posterior_distibutions.png>
Package pdftex.def Info: ./chapter-1/images/union/gp/02_Sample_posterior_distib
utions.png  used on input line 16.
(pdftex.def)             Requested size: 216.81pt x 144.53964pt.
<./chapter-1/images/union/gp/03_Reconstruction_GP.png, id=546, 433.62pt x 289.0
8pt>
File: ./chapter-1/images/union/gp/03_Reconstruction_GP.png Graphic file (type p
ng)
<use ./chapter-1/images/union/gp/03_Reconstruction_GP.png>
Package pdftex.def Info: ./chapter-1/images/union/gp/03_Reconstruction_GP.png  
used on input line 27.
(pdftex.def)             Requested size: 346.89731pt x 231.27754pt.
 [19 <./chapter-1/images/union/gp/02_Sample_prior_distibutions.png> <./chapter-
1/images/union/gp/02_Sample_posterior_distibutions.png> <./chapter-1/images/uni
on/gp/03_Reconstruction_GP.png>]
<./chapter-1/images/union/gp/15_correlatin.png, id=556, 1084.05pt x 1445.4pt>
File: ./chapter-1/images/union/gp/15_correlatin.png Graphic file (type png)
<use ./chapter-1/images/union/gp/15_correlatin.png>
Package pdftex.def Info: ./chapter-1/images/union/gp/15_correlatin.png  used on
 input line 84.
(pdftex.def)             Requested size: 433.62pt x 578.14977pt.

Underfull \vbox (badness 10000) has occurred while \output is active []

 [20]
<./chapter-1/images/union/gp/16_GRB_reconstruction.png, id=563, 722.7pt x 578.1
6pt>
File: ./chapter-1/images/union/gp/16_GRB_reconstruction.png Graphic file (type 
png)
<use ./chapter-1/images/union/gp/16_GRB_reconstruction.png>
Package pdftex.def Info: ./chapter-1/images/union/gp/16_GRB_reconstruction.png 
 used on input line 91.
(pdftex.def)             Requested size: 303.53267pt x 242.82555pt.

Underfull \vbox (badness 10000) has occurred while \output is active []

 [21 <./chapter-1/images/union/gp/15_correlatin.png>]
<./chapter-1/images/union/gp/18_omega_M_corner_plot.png, id=570, 361.35pt x 361
.35pt>
File: ./chapter-1/images/union/gp/18_omega_M_corner_plot.png Graphic file (type
 png)
<use ./chapter-1/images/union/gp/18_omega_M_corner_plot.png>
Package pdftex.def Info: ./chapter-1/images/union/gp/18_omega_M_corner_plot.png
  used on input line 98.
(pdftex.def)             Requested size: 216.81pt x 216.81168pt.
) (./chapter-1/././072_union_lstm.tex
File: ./chapter-1/images/pantheon/lstm/05_epoch_vs_loss.png Graphic file (type 
png)
<use ./chapter-1/images/pantheon/lstm/05_epoch_vs_loss.png>
Package pdftex.def Info: ./chapter-1/images/pantheon/lstm/05_epoch_vs_loss.png 
 used on input line 6.
(pdftex.def)             Requested size: 433.62pt x 144.53743pt.
File: ./chapter-1/images/pantheon/lstm/06_sample_reconstruction.png Graphic fil
e (type png)
<use ./chapter-1/images/pantheon/lstm/06_sample_reconstruction.png>
Package pdftex.def Info: ./chapter-1/images/pantheon/lstm/06_sample_reconstruct
ion.png  used on input line 12.
(pdftex.def)             Requested size: 346.89731pt x 231.27754pt.

Underfull \vbox (badness 10000) has occurred while \output is active []

 [22 <./chapter-1/images/union/gp/16_GRB_reconstruction.png> <./chapter-1/image
s/union/gp/18_omega_M_corner_plot.png>]
File: ./chapter-1/images/pantheon/lstm/15_correlatin.png Graphic file (type png
)
<use ./chapter-1/images/pantheon/lstm/15_correlatin.png>
Package pdftex.def Info: ./chapter-1/images/pantheon/lstm/15_correlatin.png  us
ed on input line 65.
(pdftex.def)             Requested size: 433.62pt x 578.14977pt.

Underfull \vbox (badness 10000) has occurred while \output is active []

 [23]
Underfull \vbox (badness 10000) has occurred while \output is active []

 [24]
File: ./chapter-1/images/pantheon/lstm/16_GRB_reconstruction.png Graphic file (
type png)
<use ./chapter-1/images/pantheon/lstm/16_GRB_reconstruction.png>
Package pdftex.def Info: ./chapter-1/images/pantheon/lstm/16_GRB_reconstruction
.png  used on input line 72.
(pdftex.def)             Requested size: 303.53267pt x 242.82555pt.

Underfull \vbox (badness 10000) has occurred while \output is active []

 [25]
<./chapter-1/images/union/lstm/18_omega_M_corner_plot.png, id=600, 361.35pt x 3
61.35pt>
File: ./chapter-1/images/union/lstm/18_omega_M_corner_plot.png Graphic file (ty
pe png)
<use ./chapter-1/images/union/lstm/18_omega_M_corner_plot.png>
Package pdftex.def Info: ./chapter-1/images/union/lstm/18_omega_M_corner_plot.p
ng  used on input line 79.
(pdftex.def)             Requested size: 216.81pt x 216.81168pt.
))
(./chapter-1/./080_conclusion.tex
Underfull \vbox (badness 10000) has occurred while \output is active []

 [26 <./chapter-1/images/union/lstm/18_omega_M_corner_plot.png>]) (./thesis.bbl
 [27]
[28

])) (./chapter-2/chapter-2.tex [29]
Chapter 2.
(./chapter-2/./010_introduction.tex

LaTeX Warning: Citation `aghanim2020planck' on page 30 undefined on input line 
2.


LaTeX Warning: Citation `alam2017clustering' on page 30 undefined on input line
 2.


LaTeX Warning: Citation `zlatev1999quintessence' on page 30 undefined on input 
line 2.


LaTeX Warning: Citation `chevallier2001accelerating' on page 30 undefined on in
put line 2.

) (./chapter-2/./020_survey.tex

LaTeX Warning: Citation `mackay1992evidence' on page 30 undefined on input line
 2.


LaTeX Warning: Citation `penny2006bayesian' on page 30 undefined on input line 
2.


LaTeX Warning: Citation `trotta2008bayes' on page 30 undefined on input line 2.



LaTeX Warning: Citation `martin2011hunting' on page 30 undefined on input line 
2.


LaTeX Warning: Citation `basilakos2018dark' on page 30 undefined on input line 
2.


LaTeX Warning: Citation `lonappan2018bayesian' on page 30 undefined on input li
ne 2.


LaTeX Warning: Citation `li2019model' on page 30 undefined on input line 2.

) (./chapter-2/./030_observational_data.tex [30

])
(./chapter-2/./040_methodology.tex (./chapter-2/./041_vae.tex

LaTeX Warning: Citation `kingma2013auto' on page 31 undefined on input line 2.


LaTeX Warning: Command \textbullet invalid in math mode on input line 14.


LaTeX Warning: Command \textbullet invalid in math mode on input line 14.

Missing character: There is no  in font cmr10!

LaTeX Warning: Command \textbullet invalid in math mode on input line 14.


LaTeX Warning: Command \textbullet invalid in math mode on input line 14.

Missing character: There is no  in font cmr10!
) (./chapter-2/./042_gan.tex

LaTeX Warning: Citation `goodfellow2014generative' on page 31 undefined on inpu
t line 2.


Underfull \vbox (badness 4279) has occurred while \output is active []

 [31])
(./chapter-2/./043_vaegan.tex

LaTeX Warning: Citation `larsen2016autoencoding' on page 32 undefined on input 
line 2.

)) (./chapter-2/./050_toy_model.tex
Underfull \vbox (badness 3735) has occurred while \output is active []

 [32]
<./chapter-2/images/toy/dist_toy_models.png, id=650, 462.528pt x 346.896pt>
File: ./chapter-2/images/toy/dist_toy_models.png Graphic file (type png)
<use ./chapter-2/images/toy/dist_toy_models.png>
Package pdftex.def Info: ./chapter-2/images/toy/dist_toy_models.png  used on in
put line 23.
(pdftex.def)             Requested size: 433.62pt x 325.23007pt.

[33 <./chapter-2/images/toy/dist_toy_models.png>]
<./chapter-2/images/toy/true_vs_reconstructed.png, id=657, 462.528pt x 346.896p
t>
File: ./chapter-2/images/toy/true_vs_reconstructed.png Graphic file (type png)
<use ./chapter-2/images/toy/true_vs_reconstructed.png>
Package pdftex.def Info: ./chapter-2/images/toy/true_vs_reconstructed.png  used
 on input line 32.
(pdftex.def)             Requested size: 433.62pt x 325.23007pt.
)
(./chapter-2/./060_dark_energy_models.tex
<./chapter-2/images/dark_energy/samples.png, id=658, 462.528pt x 346.896pt>
File: ./chapter-2/images/dark_energy/samples.png Graphic file (type png)
<use ./chapter-2/images/dark_energy/samples.png>
Package pdftex.def Info: ./chapter-2/images/dark_energy/samples.png  used on in
put line 4.
(pdftex.def)             Requested size: 433.62pt x 325.23007pt.


Package hyperref Warning: Token not allowed in a PDF string (PDFDocEncoding):
(hyperref)                removing `math shift' on input line 9.


Package hyperref Warning: Token not allowed in a PDF string (PDFDocEncoding):
(hyperref)                removing `\Lambda' on input line 9.


Package hyperref Warning: Token not allowed in a PDF string (PDFDocEncoding):
(hyperref)                removing `math shift' on input line 9.


Package hyperref Warning: Token not allowed in a PDF string (PDFDocEncoding):
(hyperref)                removing `math shift' on input line 14.


Package hyperref Warning: Token not allowed in a PDF string (PDFDocEncoding):
(hyperref)                removing `\omega' on input line 14.


Package hyperref Warning: Token not allowed in a PDF string (PDFDocEncoding):
(hyperref)                removing `math shift' on input line 14.

[34 <./chapter-2/images/toy/true_vs_reconstructed.png>] [35 <./chapter-2/images
/dark_energy/samples.png>]
<./chapter-2/images/dark_energy/true_vs_reconstructed.png, id=674, 462.528pt x 
346.896pt>
File: ./chapter-2/images/dark_energy/true_vs_reconstructed.png Graphic file (ty
pe png)
<use ./chapter-2/images/dark_energy/true_vs_reconstructed.png>
Package pdftex.def Info: ./chapter-2/images/dark_energy/true_vs_reconstructed.p
ng  used on input line 47.
(pdftex.def)             Requested size: 433.62pt x 325.23007pt.
) (./chapter-2/./070_conclusion.tex) (./thesis.bbl
[36] [37 <./chapter-2/images/dark_energy/true_vs_reconstructed.png>]pdfTeX warn
ing (ext4): destination with the same identifier (name{cite.riess1998observatio
nal}) has been already used, duplicate ignored
<to be read again> 
                   \relax 
l.4 \bibitem{riess1998observational}
                                    pdfTeX warning (ext4): destination with the
 same identifier (name{cite.perlmutter1999measurements}) has been already used,
 duplicate ignored
<to be read again> 
                   \relax 
l.15 \bibitem{perlmutter1999measurements}
                                         pdfTeX warning (ext4): destination wit
h the same identifier (name{cite.schaefer2007hubble}) has been already used, du
plicate ignored
<to be read again> 
                   \relax 
l.26 \bibitem{schaefer2007hubble}
                                 pdfTeX warning (ext4): destination with the sa
me identifier (name{cite.li2007variation}) has been already used, duplicate ign
ored
<to be read again> 
                   \relax 
l.33 \bibitem{li2007variation}
                              pdfTeX warning (ext4): destination with the same 
identifier (name{cite.basilakos2008testing}) has been already used, duplicate i
gnored
<to be read again> 
                   \relax 
l.41 \bibitem{basilakos2008testing}
                                   pdfTeX warning (ext4): destination with the 
same identifier (name{cite.wang2011updated}) has been already used, duplicate i
gnored
<to be read again> 
                   \relax 
l.48 \bibitem{wang2011updated}
                              pdfTeX warning (ext4): destination with the same 
identifier (name{cite.tang2021model}) has been already used, duplicate ignored
<to be read again> 
                   \relax 
l.57 \bibitem{tang2021model}
                            pdfTeX warning (ext4): destination with the same id
entifier (name{cite.scolnic2018complete}) has been already used, duplicate igno
red
<to be read again> 
                   \relax 
l.65 \bibitem{scolnic2018complete}
                                  pdfTeX warning (ext4): destination with the s
ame identifier (name{cite.suzuki2012hubble}) has been already used, duplicate i
gnored
<to be read again> 
                   \relax 
l.77 \bibitem{suzuki2012hubble}
                               pdfTeX warning (ext4): destination with the same
 identifier (name{cite.rasmussen2003gaussian}) has been already used, duplicate
 ignored
<to be read again> 
                   \relax 
l.89 \bibitem{rasmussen2003gaussian}
                                    pdfTeX warning (ext4): destination with the
 same identifier (name{cite.escamilla2020deep}) has been already used, duplicat
e ignored
<to be read again> 
                   \relax 
l.96 \bibitem{escamilla2020deep}
                                 [38

]pdfTeX warning (ext4): destination with the same identifier (name{cite.srivast
ava2014dropout}) has been already used, duplicate ignored
<to be read again> 
                   \relax 
l.105 \bibitem{srivastava2014dropout}
                                     pdfTeX warning (ext4): destination with th
e same identifier (name{cite.gal2016theoretically}) has been already used, dupl
icate ignored
<to be read again> 
                   \relax 
l.114 \bibitem{gal2016theoretically}
                                    pdfTeX warning (ext4): destination with the
 same identifier (name{cite.scikit-learn}) has been already used, duplicate ign
ored
<to be read again> 
                   \relax 
l.121 \bibitem{scikit-learn}
                            pdfTeX warning (ext4): destination with the same id
entifier (name{cite.d2005fits}) has been already used, duplicate ignored
<to be read again> 
                   \relax 
l.134 \bibitem{d2005fits}
                         pdfTeX warning (ext4): destination with the same ident
ifier (name{cite.emcee}) has been already used, duplicate ignored
<to be read again> 
                   \relax 
l.140 \bibitem{emcee}
                     pdfTeX warning (ext4): destination with the same identifie
r (name{cite.tensorflow2015-whitepaper}) has been already used, duplicate ignor
ed
<to be read again> 
                   \relax 
l.147 \bibitem{tensorflow2015-whitepaper}
                                         pdfTeX warning (ext4): destination wit
h the same identifier (name{cite.kingma2014adam}) has been already used, duplic
ate ignored
<to be read again> 
                   \relax 
l.172 \bibitem{kingma2014adam}
                              )) (./chapter-3/chapter-3.tex [39]
Chapter 3.
(./chapter-3/./010_introduction.tex) (./chapter-3/./020_survey.tex

LaTeX Warning: Citation `collister2007megaz' on page 40 undefined on input line
 2.


LaTeX Warning: Citation `bilicki2013two' on page 40 undefined on input line 2.


LaTeX Warning: Citation `benitez2000bayesian' on page 40 undefined on input lin
e 2.


LaTeX Warning: Citation `brammer2008eazy' on page 40 undefined on input line 2.



LaTeX Warning: Citation `kotulla2009impact' on page 40 undefined on input line 
2.


LaTeX Warning: Citation `dahlen2010detailed' on page 40 undefined on input line
 2.


LaTeX Warning: Citation `bolzonella2000photometric' on page 40 undefined on inp
ut line 2.


LaTeX Warning: Citation `arnouts1999measuring' on page 40 undefined on input li
ne 2.


LaTeX Warning: Citation `ilbert2006accurate' on page 40 undefined on input line
 2.


LaTeX Warning: Citation `assef2008low' on page 40 undefined on input line 2.


LaTeX Warning: Citation `assef2010low' on page 40 undefined on input line 2.


LaTeX Warning: Citation `feldmann2006zurich' on page 40 undefined on input line
 2.


LaTeX Warning: Citation `collister2004annz' on page 40 undefined on input line 
2.


LaTeX Warning: Citation `gerdes2010arborz' on page 40 undefined on input line 2
.


LaTeX Warning: Citation `wolf2009bayesian' on page 40 undefined on input line 2
.


LaTeX Warning: Citation `csabai2007multidimensional' on page 40 undefined on in
put line 2.


LaTeX Warning: Citation `carliles2010random' on page 40 undefined on input line
 2.


LaTeX Warning: Citation `brescia2014catalogue' on page 40 undefined on input li
ne 2.


LaTeX Warning: Citation `elliott2015overlooked' on page 40 undefined on input l
ine 2.


LaTeX Warning: Citation `abdalla2011comparison' on page 40 undefined on input l
ine 2.


LaTeX Warning: Citation `hildebrandt2010phat' on page 40 undefined on input lin
e 2.


LaTeX Warning: Citation `dahlen2013critical' on page 40 undefined on input line
 2.


LaTeX Warning: Citation `collister2004annz' on page 40 undefined on input line 
2.


LaTeX Warning: Citation `hogan2015gaz' on page 40 undefined on input line 2.

) (./chapter-3/./030_observational_data.tex

LaTeX Warning: Citation `accetta2022seventeenth' on page 40 undefined on input 
line 3.


LaTeX Warning: Citation `gunn20062' on page 40 undefined on input line 3.


LaTeX Warning: Citation `smith2002ugriz' on page 40 undefined on input line 3.


LaTeX Warning: Citation `eisenstein2011sdss' on page 40 undefined on input line
 3.


LaTeX Warning: Citation `li2008casjobs' on page 40 undefined on input line 3.

[40

] (./chapter-3/././031_SDSS_DR17.tex
LaTeX Font Info:    Font shape `T1/SourceCodePro-TLF/m/n' will be
(Font)              scaled to size 8.99994pt on input line 3.

Overfull \hbox (46.97675pt too wide) in paragraph at lines 49--49
[]\T1/SourceCodePro-TLF/m/n/10 -- Goto http://skyserver.sdss.org/casjobs/, crea
te an account run the following sql query[] 
 []


Overfull \hbox (57.77667pt too wide) in paragraph at lines 49--49
[]\T1/SourceCodePro-TLF/m/n/10 -- http://skyserver.sdss.org/dr17/SearchTools/sq
l cannot be used to bulk data (only 500000)[] 
 []


Overfull \hbox (95.57642pt too wide) in paragraph at lines 49--49
[]\T1/SourceCodePro-TLF/m/n/10 -- make a magnitude error cut of < 0.3 (in all 5
 bands) to ensure that you don't get junk objects.[] 
 []

[41])) (./chapter-3/./040_methodology.tex (./chapter-3/./041_SR.tex

LaTeX Warning: Citation `schmidt2009distilling' on page 42 undefined on input l
ine 3.


LaTeX Warning: Citation `udrescu2020ai' on page 42 undefined on input line 3.


LaTeX Warning: Citation `wu2019toward' on page 42 undefined on input line 3.


LaTeX Warning: Citation `cranmer2020discovering' on page 42 undefined on input 
line 3.


LaTeX Warning: Citation `villaescusa2021camels' on page 42 undefined on input l
ine 3.


LaTeX Warning: Citation `kim2020integration' on page 42 undefined on input line
 3.


LaTeX Warning: Citation `liu2021machine' on page 42 undefined on input line 3.


LaTeX Warning: Citation `wilstrup2021symbolic' on page 42 undefined on input li
ne 3.

)) (./chapter-3/./050_estimation.tex

LaTeX Warning: Citation `pysr' on page 42 undefined on input line 3.


Underfull \vbox (badness 1616) has occurred while \output is active []

 [42]
<./chapter-3/images/density_plot.png, id=713, 462.528pt x 346.896pt>
File: ./chapter-3/images/density_plot.png Graphic file (type png)
<use ./chapter-3/images/density_plot.png>
Package pdftex.def Info: ./chapter-3/images/density_plot.png  used on input lin
e 22.
(pdftex.def)             Requested size: 433.62pt x 325.23007pt.
<./chapter-3/images/predictions.png, id=714, 462.528pt x 346.896pt>
File: ./chapter-3/images/predictions.png Graphic file (type png)
<use ./chapter-3/images/predictions.png>
Package pdftex.def Info: ./chapter-3/images/predictions.png  used on input line
 28.
(pdftex.def)             Requested size: 433.62pt x 325.23007pt.
<./chapter-3/images/predictions_with_error.png, id=715, 462.528pt x 346.896pt>
File: ./chapter-3/images/predictions_with_error.png Graphic file (type png)
<use ./chapter-3/images/predictions_with_error.png>
Package pdftex.def Info: ./chapter-3/images/predictions_with_error.png  used on
 input line 34.
(pdftex.def)             Requested size: 433.62pt x 325.23007pt.
)
(./chapter-3/./060_conclusion.tex) (./thesis.bbl [43] [44 <./chapter-3/images/d
ensity_plot.png>] [45 <./chapter-3/images/predictions.png>] [46 <./chapter-3/im
ages/predictions_with_error.png>]pdfTeX warning (ext4): destination with the sa
me identifier (name{cite.riess1998observational}) has been already used, duplic
ate ignored
<to be read again> 
                   \relax 
l.4 \bibitem{riess1998observational}
                                    pdfTeX warning (ext4): destination with the
 same identifier (name{cite.perlmutter1999measurements}) has been already used,
 duplicate ignored
<to be read again> 
                   \relax 
l.15 \bibitem{perlmutter1999measurements}
                                         pdfTeX warning (ext4): destination wit
h the same identifier (name{cite.schaefer2007hubble}) has been already used, du
plicate ignored
<to be read again> 
                   \relax 
l.26 \bibitem{schaefer2007hubble}
                                 pdfTeX warning (ext4): destination with the sa
me identifier (name{cite.li2007variation}) has been already used, duplicate ign
ored
<to be read again> 
                   \relax 
l.33 \bibitem{li2007variation}
                              pdfTeX warning (ext4): destination with the same 
identifier (name{cite.basilakos2008testing}) has been already used, duplicate i
gnored
<to be read again> 
                   \relax 
l.41 \bibitem{basilakos2008testing}
                                   pdfTeX warning (ext4): destination with the 
same identifier (name{cite.wang2011updated}) has been already used, duplicate i
gnored
<to be read again> 
                   \relax 
l.48 \bibitem{wang2011updated}
                              pdfTeX warning (ext4): destination with the same 
identifier (name{cite.tang2021model}) has been already used, duplicate ignored
<to be read again> 
                   \relax 
l.57 \bibitem{tang2021model}
                            pdfTeX warning (ext4): destination with the same id
entifier (name{cite.scolnic2018complete}) has been already used, duplicate igno
red
<to be read again> 
                   \relax 
l.65 \bibitem{scolnic2018complete}
                                  pdfTeX warning (ext4): destination with the s
ame identifier (name{cite.suzuki2012hubble}) has been already used, duplicate i
gnored
<to be read again> 
                   \relax 
l.77 \bibitem{suzuki2012hubble}
                               pdfTeX warning (ext4): destination with the same
 identifier (name{cite.rasmussen2003gaussian}) has been already used, duplicate
 ignored
<to be read again> 
                   \relax 
l.89 \bibitem{rasmussen2003gaussian}
                                    pdfTeX warning (ext4): destination with the
 same identifier (name{cite.escamilla2020deep}) has been already used, duplicat
e ignored
<to be read again> 
                   \relax 
l.96 \bibitem{escamilla2020deep}
                                 [47

]pdfTeX warning (ext4): destination with the same identifier (name{cite.srivast
ava2014dropout}) has been already used, duplicate ignored
<to be read again> 
                   \relax 
l.105 \bibitem{srivastava2014dropout}
                                     pdfTeX warning (ext4): destination with th
e same identifier (name{cite.gal2016theoretically}) has been already used, dupl
icate ignored
<to be read again> 
                   \relax 
l.114 \bibitem{gal2016theoretically}
                                    pdfTeX warning (ext4): destination with the
 same identifier (name{cite.scikit-learn}) has been already used, duplicate ign
ored
<to be read again> 
                   \relax 
l.121 \bibitem{scikit-learn}
                            pdfTeX warning (ext4): destination with the same id
entifier (name{cite.d2005fits}) has been already used, duplicate ignored
<to be read again> 
                   \relax 
l.134 \bibitem{d2005fits}
                         pdfTeX warning (ext4): destination with the same ident
ifier (name{cite.emcee}) has been already used, duplicate ignored
<to be read again> 
                   \relax 
l.140 \bibitem{emcee}
                     pdfTeX warning (ext4): destination with the same identifie
r (name{cite.tensorflow2015-whitepaper}) has been already used, duplicate ignor
ed
<to be read again> 
                   \relax 
l.147 \bibitem{tensorflow2015-whitepaper}
                                         pdfTeX warning (ext4): destination wit
h the same identifier (name{cite.kingma2014adam}) has been already used, duplic
ate ignored
<to be read again> 
                   \relax 
l.172 \bibitem{kingma2014adam}
                              )) [48]

Package caption Warning: Unused \captionsetup[lstlisting] on input line 18.
See the caption package documentation for explanation.

Package atveryend Info: Empty hook `BeforeClearDocument' on input line 36.
Package atveryend Info: Empty hook `AfterLastShipout' on input line 36.
(./thesis.aux)
Package atveryend Info: Executing hook `AtVeryEndDocument' on input line 36.
Package atveryend Info: Executing hook `AtEndAfterFileList' on input line 36.
Package rerunfilecheck Info: File `thesis.out' has not changed.
(rerunfilecheck)             Checksum: 2850E2D750667BE0892FA5A05177BEB2;3723.


LaTeX Font Warning: Size substitutions with differences
(Font)              up to 21.0755pt have occurred.


LaTeX Warning: There were undefined references.


LaTeX Warning: There were multiply-defined labels.

Package atveryend Info: Empty hook `AtVeryVeryEnd' on input line 36.
 ) 
Here is how much of TeX's memory you used:
 35546 strings out of 481239
 821591 string characters out of 5920377
 1192660 words of memory out of 5000000
 49737 multiletter control sequences out of 15000+600000
 560048 words of font info for 89 fonts, out of 8000000 for 9000
 1141 hyphenation exceptions out of 8191
 71i,14n,115p,2041b,632s stack positions out of 5000i,500n,10000p,200000b,80000s
{/usr/share/texmf/fonts/enc/dvips/cm-super/cm-super-t1.enc}{/usr/share/texliv
e/texmf-dist/fonts/enc/dvips/sourcecodepro/a_lutrty.enc}</usr/share/texlive/tex
mf-dist/fonts/type1/adobe/sourcecodepro/SourceCodePro-Regular.pfb></usr/share/t
exlive/texmf-dist/fonts/type1/public/amsfonts/cm/cmbx10.pfb></usr/share/texlive
/texmf-dist/fonts/type1/public/amsfonts/cm/cmex10.pfb></usr/share/texlive/texmf
-dist/fonts/type1/public/amsfonts/cm/cmmi10.pfb></usr/share/texlive/texmf-dist/
fonts/type1/public/amsfonts/cm/cmmi12.pfb></usr/share/texlive/texmf-dist/fonts/
type1/public/amsfonts/cm/cmmi5.pfb></usr/share/texlive/texmf-dist/fonts/type1/p
ublic/amsfonts/cm/cmmi7.pfb></usr/share/texlive/texmf-dist/fonts/type1/public/a
msfonts/cm/cmmi8.pfb></usr/share/texlive/texmf-dist/fonts/type1/public/amsfonts
/cm/cmmib10.pfb></usr/share/texlive/texmf-dist/fonts/type1/public/amsfonts/cm/c
mr10.pfb></usr/share/texlive/texmf-dist/fonts/type1/public/amsfonts/cm/cmr12.pf
b></usr/share/texlive/texmf-dist/fonts/type1/public/amsfonts/cm/cmr5.pfb></usr/
share/texlive/texmf-dist/fonts/type1/public/amsfonts/cm/cmr7.pfb></usr/share/te
xlive/texmf-dist/fonts/type1/public/amsfonts/cm/cmsy10.pfb></usr/share/texlive/
texmf-dist/fonts/type1/public/amsfonts/cm/cmsy7.pfb></usr/share/texlive/texmf-d
ist/fonts/type1/public/amsfonts/symbols/msbm10.pfb></usr/share/texmf/fonts/type
1/public/cm-super/sfbx1000.pfb></usr/share/texmf/fonts/type1/public/cm-super/sf
bx1200.pfb></usr/share/texmf/fonts/type1/public/cm-super/sfbx1440.pfb></usr/sha
re/texmf/fonts/type1/public/cm-super/sfbx1728.pfb></usr/share/texmf/fonts/type1
/public/cm-super/sfbx2074.pfb></usr/share/texmf/fonts/type1/public/cm-super/sfb
x2488.pfb></usr/share/texmf/fonts/type1/public/cm-super/sfrm0600.pfb></usr/shar
e/texmf/fonts/type1/public/cm-super/sfrm0700.pfb></usr/share/texmf/fonts/type1/
public/cm-super/sfrm0900.pfb></usr/share/texmf/fonts/type1/public/cm-super/sfrm
1000.pfb></usr/share/texmf/fonts/type1/public/cm-super/sfrm3583.pfb></usr/share
/texmf/fonts/type1/public/cm-super/sfti1000.pfb>
Output written on thesis.pdf (55 pages, 1438974 bytes).
PDF statistics:
 894 PDF objects out of 1000 (max. 8388607)
 744 compressed objects within 8 object streams
 220 named destinations out of 1000 (max. 500000)
 577 words of extra memory for PDF output out of 10000 (max. 10000000)

